{"category": "ham", "to_address": "Perl List <beginners@perl.org>", "from_address": "Gary Stainburn <gary.stainburn@ringways.co.uk>", "subject": "CPAN problem - Test::WWW::Mechanize", "body": "Hi folks,\n\nI'm installing the missing dependencies onto a FC5 system to enable me to \ninstall RT3, but there's one module I can't install - Test::WWW::Mechanize\n\n>From the output below can anyone see what my problem is.\n\nTa\n\n\ncpan> install Test::WWW::Mechanize\nCPAN: Storable loaded ok\nGoing to read /root/.cpan/Metadata\n  Database was generated on Tue, 08 May 2007 16:11:13 GMT\nRunning install for module Test::WWW::Mechanize\nRunning make for P/PE/PETDANCE/Test-WWW-Mechanize-1.12.tar.gz\nCPAN: Digest::MD5 loaded ok\nCPAN: Compress::Zlib loaded ok\nChecksum \nfor /root/.cpan/sources/authors/id/P/PE/PETDANCE/Test-WWW-Mechanize-1.12.tar.gz \nok\nScanning cache /root/.cpan/build for sizes\nDeleting from cache: /root/.cpan/build/Class-Container-0.12 (16.7>10.0 MB)\nDeleting from cache: /root/.cpan/build/HTML-Mason-1.35 (16.5>10.0 MB)\nDeleting from cache: /root/.cpan/build/MLDBM-2.01 (14.0>10.0 MB)\nDeleting from cache: /root/.cpan/build/Test-Tester-0.104 (13.8>10.0 MB)\nDeleting from cache: /root/.cpan/build/Test-NoWarnings-0.083 (13.6>10.0 MB)\nDeleting from cache: /root/.cpan/build/Test-Deep-0.096 (13.5>10.0 MB)\nDeleting from cache: /root/.cpan/build/Apache-Session-1.82 (13.1>10.0 MB)\nDeleting from cache: /root/.cpan/build/Hook-LexWrap-0.20 (12.6>10.0 MB)\nDeleting from cache: /root/.cpan/build/HTTP-Server-Simple-Mason-0.09 \n(12.5>10.0 MB)\nDeleting from cache: /root/.cpan/build/GD-2.35 (12.3>10.0 MB)\nDeleting from cache: /root/.cpan/build/GDTextUtil-0.86 (10.6>10.0 MB)\nDeleting from cache: /root/.cpan/build/Text-WikiFormat-0.78 (10.3>10.0 MB)\nDeleting from cache: /root/.cpan/build/DateTime-Locale-0.34 (10.1>10.0 MB)\nTest-WWW-Mechanize-1.12/\nTest-WWW-Mechanize-1.12/t/\nTest-WWW-Mechanize-1.12/t/html/\nTest-WWW-Mechanize-1.12/t/html/goodlinks.html\nTest-WWW-Mechanize-1.12/t/html/manylinks.html\nTest-WWW-Mechanize-1.12/t/html/form.html\nTest-WWW-Mechanize-1.12/t/html/badlinks.html\nTest-WWW-Mechanize-1.12/t/get_ok-parms.t\nTest-WWW-Mechanize-1.12/t/content_contains.t\nTest-WWW-Mechanize-1.12/t/follow_link_ok.t\nTest-WWW-Mechanize-1.12/t/link_status.t\nTest-WWW-Mechanize-1.12/t/links_ok.t\nTest-WWW-Mechanize-1.12/t/00load.t\nTest-WWW-Mechanize-1.12/t/stuff_inputs.t\nTest-WWW-Mechanize-1.12/t/page_links_ok.t\nTest-WWW-Mechanize-1.12/t/pod-coverage.t\nTest-WWW-Mechanize-1.12/t/content_lacks.t\nTest-WWW-Mechanize-1.12/t/page_links_content.t\nTest-WWW-Mechanize-1.12/t/pod.t\nTest-WWW-Mechanize-1.12/t/followable_links.t\nTest-WWW-Mechanize-1.12/t/get_ok.t\nTest-WWW-Mechanize-1.12/t/new.t\nTest-WWW-Mechanize-1.12/t/has_tag.t\nTest-WWW-Mechanize-1.12/t/link_content.t\nTest-WWW-Mechanize-1.12/Changes\nTest-WWW-Mechanize-1.12/MANIFEST\nTest-WWW-Mechanize-1.12/META.yml\nTest-WWW-Mechanize-1.12/README\nTest-WWW-Mechanize-1.12/Mechanize.pm\nTest-WWW-Mechanize-1.12/Makefile.PL\nRemoving previously used /root/.cpan/build/Test-WWW-Mechanize-1.12\n\n  CPAN.pm: Going to build P/PE/PETDANCE/Test-WWW-Mechanize-1.12.tar.gz\n\nChecking if your kit is complete...\nLooks good\nWriting Makefile for Test::WWW::Mechanize\ncp Mechanize.pm blib/lib/Test/WWW/Mechanize.pm\nManifying blib/man3/Test::WWW::Mechanize.3pm\n  /usr/bin/make  -- OK\nRunning make test\nPERL_DL_NONLAZY=1 /usr/bin/perl \"-MExtUtils::Command::MM\" \"-e\" \"test_harness(0, 'blib/lib', 'blib/arch')\" \nt/*.t\nt/00load................ok 1/1# Testing Test::WWW::Mechanize 1.12, Perl \n5.008008, /usr/bin/perl\nt/00load................ok\nt/content_contains......ok\nt/content_lacks.........ok\nt/follow_link_ok........NOK 4\n#   Failed test 'Go after first link'\n#   at t/follow_link_ok.t line 29.\n# 500 Server closed connection without sending any data back\n# Content-Type: text/plain\n# Client-Date: Wed, 09 May 2007 11:19:48 GMT\n# Client-Warning: Internal response\n#\n# 500 Server closed connection without sending any data back\nt/follow_link_ok........FAILED test 4\n        Failed 1/6 tests, 83.33% okay\nt/followable_links......ok\nt/get_ok-parms..........ok\nt/get_ok................NOK 5\n#   Failed test 'Gets existing URI and reports success'\n#   at t/get_ok.t line 35.\n# STDOUT is:\n# not ok 1 - Try to get goodlinks.html\n#\n# not:\n# ok 1 - Try to get goodlinks.html\n#\n# as expected\n# STDERR is:\n# #   Failed test 'Try to get goodlinks.html'\n# #   at t/get_ok.t line 34.\n# # 500\n# # Server closed connection without sending any data back\n#\n# not:\n#\n# as expected\nt/get_ok................NOK 7\n#   Failed test 'And the result should be true'\n#   at t/get_ok.t line 37.\nt/get_ok................FAILED tests 5, 7\n        Failed 2/11 tests, 81.82% okay\nt/has_tag...............ok\nt/link_content..........NOK 5\n#   Failed test 'Handles All page links contents successful'\n#   at t/link_content.t line 40.\n# STDOUT is:\n# not ok 1 - Checking all page links contain: Test\n#\n# not:\n# ok 1 - Checking all page links contain: Test\n#\n# as expected\n# STDERR is:\n# #   Failed test 'Checking all page links contain: Test'\n# #   at t/link_content.t line 39.\n# # goodlinks.html\n# # badlinks.html\n# # goodlinks.html\n#\n# not:\n#\n# as expected\nt/link_content..........NOK 9\n#   Failed test 'Handles link unlike content found'\n#   at t/link_content.t line 68.\n# STDOUT is:\n# ok 1 - Checking all page link unlike content failures\n#\n# not:\n# not ok 1 - Checking all page link unlike content failures\n#\n# as expected\n# STDERR is:\n#\n# not:\n# /#\\s+Failed\\ test.*?\\n?.*?at\\ t\\/link_content\\.t line 67.*\\n?/\n#\n# # goodlinks.html\n#\n# # badlinks.html\n#\n# # goodlinks.html\n#\n# as expected\nt/link_content..........FAILED tests 5, 9\n        Failed 2/9 tests, 77.78% okay\nt/link_status...........NOK 4\n#   Failed test 'Handles All Links successful'\n#   at t/link_status.t line 33.\n# STDOUT is:\n# not ok 1 - Checking all links status are 200\n#\n# not:\n# ok 1 - Checking all links status are 200\n#\n# as expected\n# STDERR is:\n# #   Failed test 'Checking all links status are 200'\n# #   at t/link_status.t line 32.\n# # goodlinks.html\n# # badlinks.html\n# # goodlinks.html\n#\n# not:\n#\n# as expected\nt/link_status...........NOK 6\n#   Failed test 'Handles bad links'\n#   at t/link_status.t line 46.\n# STDOUT is:\n# ok 1 - Checking all links some bad\n#\n# not:\n# not ok 1 - Checking all links some bad\n#\n# as expected\n# STDERR is:\n#\n# not:\n# /#\\s+Failed\\ test.*?\\n?.*?at\\ t\\/link_status\\.t line 45.*\\n?/\n#\n# # goodlinks.html\n#\n# as expected\nt/link_status...........NOK 8\n#   Failed test 'Handles all links mismatch'\n#   at t/link_status.t line 59.\n# STDOUT is:\n# ok 1 - Checking all links not 200\n#\n# not:\n# not ok 1 - Checking all links not 200\n#\n# as expected\n# STDERR is:\n#\n# not:\n# /#\\s+Failed\\ test.*?\\n?.*?at\\ t\\/link_status\\.t line 58.*\\n?/\n#\n# # goodlinks.html\n#\n# as expected\nt/link_status...........FAILED tests 4, 6, 8\n        Failed 3/8 tests, 62.50% okay\nt/links_ok..............NOK 4\n#   Failed test 'Handles All Links successful'\n#   at t/links_ok.t line 33.\n# STDOUT is:\n# not ok 1 - Checking all links successful\n#\n# not:\n# ok 1 - Checking all links successful\n#\n# as expected\n# STDERR is:\n# #   Failed test 'Checking all links successful'\n# #   at t/links_ok.t line 32.\n# # goodlinks.html\n# # badlinks.html\n# # goodlinks.html\n#\n# not:\n#\n# as expected\nt/links_ok..............NOK 5\n#   Failed test 'Specified link'\n#   at t/links_ok.t line 35.\n# goodlinks.html\nt/links_ok..............NOK 6\n#   Failed test 'Specified link list'\n#   at t/links_ok.t line 37.\n# goodlinks.html\n# badlinks.html\nt/links_ok..............NOK 7\n#   Failed test 'Handles bad links'\n#   at t/links_ok.t line 49.\n# STDOUT is:\n# ok 1 - Checking all links some bad\n#\n# not:\n# not ok 1 - Checking all links some bad\n#\n# as expected\n# STDERR is:\n#\n# not:\n# /#\\s+Failed\\ test.*?\\n?.*?at\\ t\\/links_ok\\.t line 48.*\\n?/\n#\n# # bad1.html\n#\n# # bad2.html\n#\n# # bad3.html\n#\n# as expected\nt/links_ok..............FAILED tests 4-7\n        Failed 4/8 tests, 50.00% okay\nt/new...................ok\nt/page_links_content....NOK 5\n#   Failed test 'Handles All page links contents successful'\n#   at t/page_links_content.t line 39.\n# STDOUT is:\n# not ok 1 - Checking all page links contain: Test\n#\n# not:\n# ok 1 - Checking all page links contain: Test\n#\n# as expected\n# STDERR is:\n# #   Failed test 'Checking all page links contain: Test'\n# #   at t/page_links_content.t line 38.\n# # goodlinks.html\n# # badlinks.html\n# # goodlinks.html\n#\n# not:\n#\n# as expected\nt/page_links_content....NOK 9\n#   Failed test 'Handles link unlike content found'\n#   at t/page_links_content.t line 67.\n# STDOUT is:\n# ok 1 - Checking all page link unlike content failures\n#\n# not:\n# not ok 1 - Checking all page link unlike content failures\n#\n# as expected\n# STDERR is:\n#\n# not:\n# /#\\s+Failed\\ test.*?\\n?.*?at\\ t\\/page_links_content\\.t line 66.*\\n?/\n#\n# # goodlinks.html\n#\n# # badlinks.html\n#\n# # goodlinks.html\n#\n# as expected\nt/page_links_content....FAILED tests 5, 9\n        Failed 2/9 tests, 77.78% okay\nt/page_links_ok.........NOK 4\n#   Failed test 'Handles All page links successful'\n#   at t/page_links_ok.t line 33.\n# STDOUT is:\n# not ok 1 - Checking all page links successful\n#\n# not:\n# ok 1 - Checking all page links successful\n#\n# as expected\n# STDERR is:\n# #   Failed test 'Checking all page links successful'\n# #   at t/page_links_ok.t line 32.\n# # goodlinks.html\n# # badlinks.html\n# # goodlinks.html\n#\n# not:\n#\n# as expected\nt/page_links_ok.........NOK 5\n#   Failed test 'Handles link not found'\n#   at t/page_links_ok.t line 44.\n# STDOUT is:\n# ok 1 - Checking some page link failures\n#\n# not:\n# not ok 1 - Checking some page link failures\n#\n# as expected\n# STDERR is:\n#\n# not:\n# /#\\s+Failed\\ test.*?\\n?.*?at\\ t\\/page_links_ok\\.t line 43.*\\n?/\n#\n# # bad1.html\n#\n# # bad2.html\n#\n# # bad3.html\n#\n# as expected\nt/page_links_ok.........FAILED tests 4-5\n        Failed 2/5 tests, 60.00% okay\nt/pod-coverage..........skipped\n        all skipped: Test::Pod::Coverage 0.08 required for testing POD \ncoverage\nt/pod...................skipped\n        all skipped: Test::Pod 1.00 required for testing POD\nt/stuff_inputs..........ok\nFailed Test            Stat Wstat Total Fail  Failed  List of Failed\n-------------------------------------------------------------------------------\nt/follow_link_ok.t                    6    1  16.67%  4\nt/get_ok.t                           11    2  18.18%  5 7\nt/link_content.t                      9    2  22.22%  5 9\nt/link_status.t                       8    3  37.50%  4 6 8\nt/links_ok.t                          8    4  50.00%  4-7\nt/page_links_content.t                9    2  22.22%  5 9\nt/page_links_ok.t                     5    2  40.00%  4-5\n2 tests skipped.\nFailed 7/17 test scripts, 58.82% okay. 16/104 subtests failed, 84.62% okay.\nmake: *** [test_dynamic] Error 255\n  /usr/bin/make test -- NOT OK\nRunning make install\n  make test had returned bad status, won't install without force\n\ncpan>                                               \n-- \nGary Stainburn\n \nThis email does not contain private or confidential material as it\nmay be snooped on by interested government parties for unknown\nand undisclosed purposes - Regulation of Investigatory Powers Act, 2000     \n\n-- \nTo unsubscribe, e-mail: beginners-unsubscribe@perl.org\nFor additional commands, e-mail: beginners-help@perl.org\nhttp://learn.perl.org/\n\n\n\n"}