{"category": "ham", "to_address": "bugs-bitbucket@netlabs.develooper.com", "from_address": "Ryan Hinton (via RT) <parrotbug-followup@parrotcode.org>", "subject": "[perl #42624] Parrot compiles now but still fails tests. ", "body": "# New Ticket Created by  Ryan Hinton \n# Please include the string:  [perl #42624]\n# in the subject line of all future correspondence about this issue. \n# \n\n\nHere is my machine info:\nFreeBSD 5.3-STABLE i386\n\nHere is the complete report.\n\nmake test\nCompiling with:\nxx.c\ncc -I./include -DAPPLLIB_EXP=/usr/local/lib/perl5/5.8.5/BSDPAN \n-DHAS_FPSETMASK -DHAS_FLOATINGPOINT_H -pipe -I/usr/local/include -g -W \n-Wall -Wstrict-prototypes -Wmissing-prototypes -Winline -Wshadow \n-Wpointer-arith -Wcast-qual -Wwrite-strings -Waggregate-return -Winline \n-Wno-unused -Wsign-compare -falign-functions=16 -Wformat-nonliteral \n-Wformat-security -Wpacked -Wdisabled-optimization \n-mno-accumulate-outgoing-args -Wno-shadow -DHAS_JIT -DI386 \n-DHAVE_COMPUTED_GOTO -DPIC -fPIC -I. -o xx.o -c xx.c\nperl -e 'chdir shift @ARGV; system q{make}, @ARGV; exit $? >> 8;' docs\nperl -MExtUtils::Command -e mkpath ops\nperl -e 'chdir shift @ARGV; system q{make}, @ARGV; exit $? >> 8;' src/dynpmc\nperl -e 'chdir shift @ARGV; system q{make}, @ARGV; exit $? >> 8;' \nsrc/dynoplibs\nperl -e 'chdir shift @ARGV; system q{make}, @ARGV; exit $? >> 8;' \ncompilers/past\nperl -e 'chdir shift @ARGV; system q{make}, @ARGV; exit $? >> 8;' \ncompilers/pge\ncd PGE/pmc && perl /home/ryan/devel/parrot/tools/build/dynpmc.pl \ngenerate codestring\ncd PGE/pmc && perl /home/ryan/devel/parrot/tools/build/dynpmc.pl compile \ncodestring\ncd PGE/pmc && perl /home/ryan/devel/parrot/tools/build/dynpmc.pl \nlinklibs codestring\ncd PGE/pmc && perl /home/ryan/devel/parrot/tools/build/dynpmc.pl copy \n--destination=/home/ryan/devel/parrot/runtime/parrot/dynext codestring\nperl -e 'chdir shift @ARGV; system q{make}, @ARGV; exit $? >> 8;' \ncompilers/tge\nperl -e 'chdir shift @ARGV; system q{make}, @ARGV; exit $? >> 8;' \ncompilers/past-pm\nperl -e 'chdir shift @ARGV; system q{make}, @ARGV; exit $? >> 8;' \ncompilers/json\nperl t/harness --gc-debug --running-make-test\nt/configure/01-options...................ok\nt/configure/02-messages..................ok\nt/configure/03-steplist..................ok\nt/configure/base.........................ok\nt/configure/config_steps.................ok\nt/configure/configure....................ok\nt/configure/data.........................ok\nt/configure/step.........................ok\nt/compilers/imcc/imcpasm/cfg.............ok\nt/compilers/imcc/imcpasm/opt0............ok\nt/compilers/imcc/imcpasm/opt1............ok\n         1/78 skipped: constant concat N/Y\nt/compilers/imcc/imcpasm/opt2............ok\n         1/6 skipped: loop opt disabled for now\nt/compilers/imcc/imcpasm/optc............ok\nt/compilers/imcc/imcpasm/pcc.............ok\nt/compilers/imcc/imcpasm/sub.............ok\nt/compilers/imcc/reg/alloc...............ok\nt/compilers/imcc/reg/spill...............ok\nt/compilers/imcc/syn/bsr.................ok\nt/compilers/imcc/syn/clash...............ok\nt/compilers/imcc/syn/const...............ok\nt/compilers/imcc/syn/errors..............ok\nt/compilers/imcc/syn/eval................ok\n         7/7 skipped: changed eval semantics - see t/pmc/eval.t\nt/compilers/imcc/syn/file................ok\n         1/13 skipped: multiple loading not speced - failing\nt/compilers/imcc/syn/keyed...............ok\n         1/1 skipped: experimental\nt/compilers/imcc/syn/labels..............ok\nt/compilers/imcc/syn/macro...............ok\nt/compilers/imcc/syn/namespace...........ok\nt/compilers/imcc/syn/objects.............ok\nt/compilers/imcc/syn/op..................ok\nt/compilers/imcc/syn/pasm................ok\nt/compilers/imcc/syn/pcc.................ok\nt/compilers/imcc/syn/pod.................ok\n         1/4 skipped: Closing out of pod from included files\nt/compilers/imcc/syn/scope...............ok\nt/compilers/imcc/syn/symbols.............ok\nt/compilers/imcc/syn/tail................ok\nt/op/00ff-dos............................ok\nt/op/00ff-unix...........................ok\nt/op/01-parse_ops........................ok\nt/op/64bit...............................skipped\n         all skipped: 64bit INTVAL platforms only\nt/op/arithmetics.........................ok\nt/op/basic...............................ok\nt/op/bitwise.............................ok\nt/op/calling.............................ok\nt/op/cc_params...........................ok\nt/op/cc_state............................ok\nt/op/cmp-nonbranch.......................ok\nt/op/comp................................ok\nt/op/debuginfo...........................ok\nt/op/gc..................................ok\nt/op/globals.............................ok\nt/op/hacks...............................ok\n         2/2 skipped: no universal SIGFPE handling\nt/op/ifunless............................ok\nt/op/info................................ok\nt/op/integer.............................ok\nt/op/interp..............................ok\n         1/8 skipped: we really shouldn't run just a label - use a sub\nt/op/jit.................................ok\nt/op/jitn................................ok\nt/op/lexicals............................ok\nt/op/literal.............................ok\nt/op/load_bytecode.......................ok\nt/op/number..............................ok\nt/op/pushaction..........................ok\nt/op/spawnw..............................ok\nt/op/sprintf.............................ok\n         117/308 skipped: various reasons\nt/op/stacks..............................ok\n         3/24 skipped: no stack limit currently\nt/op/string..............................ok\n         7/160 skipped: various reasons\nt/op/string_cclass.......................ok\n         3/11 skipped: unicode support unavailable\nt/op/string_cs...........................ok\n         16/50 skipped: no ICU lib\nt/op/stringu.............................ok\n         3/25 skipped: no ICU lib\nt/op/time................................ok\nt/op/trans...............................ok\nt/op/types...............................ok\nt/pmc/addrregistry.......................ok\nt/pmc/array..............................ok\nt/pmc/bigint.............................skipped\n         all skipped: No BigInt Lib configured\nt/pmc/bignum.............................skipped\n         all skipped: No BigNum support yet.\nt/pmc/boolean............................ok\nt/pmc/bound_nci..........................ok\nt/pmc/builtin............................ok\n         2/4 skipped: bound methods - n/y\nt/pmc/capture............................ok\nt/pmc/class..............................ok\nt/pmc/closure............................ok\nt/pmc/compiler...........................ok\nt/pmc/complex............................ok\n         3/53 skipped: instantiate n/y\nt/pmc/config.............................ok\nt/pmc/continuation.......................ok\nt/pmc/coroutine..........................ok\nt/pmc/default............................ok\nt/pmc/deleg_pmc..........................ok\nt/pmc/delegate...........................ok\nt/pmc/enumerate..........................ok\nt/pmc/env................................ok\nt/pmc/eval...............................ok\nt/pmc/exception..........................ok\nt/pmc/exception_handler..................ok\nt/pmc/exporter...........................ok\nt/pmc/file...............................ok\nt/pmc/fixedbooleanarray..................ok\nt/pmc/fixedfloatarray....................ok\nt/pmc/fixedintegerarray..................ok\nt/pmc/fixedpmcarray......................ok\nt/pmc/fixedstringarray...................ok\nt/pmc/float..............................ok\nt/pmc/freeze.............................ok\nt/pmc/globals............................ok\nt/pmc/hash...............................ok\nt/pmc/integer............................ok\nt/pmc/intlist............................ok\nt/pmc/io.................................ok\n         1/45 skipped: clone not finished yet\nt/pmc/io_iterator........................ok\nt/pmc/io_status..........................ok\nt/pmc/iterator...........................ok\n         1/43 skipped: N/Y: length of rest of array\nt/pmc/key................................ok\nt/pmc/lexinfo............................ok\nt/pmc/lexpad.............................ok\nt/pmc/managedstruct......................ok\nt/pmc/mmd................................ok\nt/pmc/multiarray.........................ok\nt/pmc/multisub...........................ok\nt/pmc/n_arithmetics......................ok\nt/pmc/namespace..........................ok\nt/pmc/nci................................ok\nt/pmc/null...............................ok\nt/pmc/object-meths.......................ok\n         2/43 skipped: various reasons\nt/pmc/object-mro.........................ok\nt/pmc/object.............................ok\nt/pmc/objects............................ok\n         2/78 skipped: instantiate disabled\nt/pmc/orderedhash........................ok\nt/pmc/os.................................ok\nt/pmc/pair...............................ok\n         1/3 skipped: instantiate disabled\nt/pmc/parrotclass........................ok\nt/pmc/parrotinterpreter..................ok\nt/pmc/parrotio...........................ok\n         1/6 skipped: no asynch calls yet\nt/pmc/parrotlibrary......................ok\nt/pmc/parrotobject.......................ok\nt/pmc/parrotrunningthread................ok\nt/pmc/parrotthread.......................ok\nt/pmc/pccmethod_test.....................ok\nt/pmc/pmc................................ok\n         1/20 skipped: no instantiate\nt/pmc/pointer............................ok\nt/pmc/prop...............................ok\nt/pmc/random.............................ok\nt/pmc/ref................................ok\nt/pmc/resizablebooleanarray..............ok\nt/pmc/resizablefloatarray................ok\nt/pmc/resizableintegerarray..............ok\nt/pmc/resizablepmcarray..................ok\nt/pmc/resizablestringarray...............ok\nt/pmc/retcontinuation....................ok\nt/pmc/ro.................................NOK 7\n#     Failed test (t/pmc/ro.t at line 194)\n#          got: 'Illegal PMC enum (0) in new\n# current instr.: 'main' pc 35 (/home/ryan/devel/parrot/t/pmc/ro_7.pir:21)\n# '\n#     expected: 'reached end\n# '\n# './parrot -D40 --gc-debug  \"/home/ryan/devel/parrot/t/pmc/ro_7.pir\"' \nfailed with exit code 1\nt/pmc/ro.................................NOK 8\n#     Failed test (t/pmc/ro.t at line 197)\n#          got: 'Illegal PMC enum (0) in new\n# current instr.: 'main' pc 35 (/home/ryan/devel/parrot/t/pmc/ro_8.pir:21)\n# '\n#     expected: 'reached end\n# '\n# './parrot -D40 --gc-debug  \"/home/ryan/devel/parrot/t/pmc/ro_8.pir\"' \nfailed with exit code 1\nt/pmc/ro.................................NOK 9\n#     Failed test (t/pmc/ro.t at line 194)\n#          got: 'Illegal PMC enum (0) in new\n# current instr.: 'main' pc 35 (/home/ryan/devel/parrot/t/pmc/ro_9.pir:21)\n# '\n#     expected: 'reached end\n# '\n# './parrot -D40 --gc-debug  \"/home/ryan/devel/parrot/t/pmc/ro_9.pir\"' \nfailed with exit code 1\nt/pmc/ro.................................NOK 10\n#     Failed test (t/pmc/ro.t at line 197)\n#          got: 'Illegal PMC enum (0) in new\n# current instr.: 'main' pc 35 (/home/ryan/devel/parrot/t/pmc/ro_10.pir:21)\n# '\n#     expected: 'reached end\n# '\n# './parrot -D40 --gc-debug  \"/home/ryan/devel/parrot/t/pmc/ro_10.pir\"' \nfailed with exit code 1\nt/pmc/ro.................................NOK 11\n#     Failed test (t/pmc/ro.t at line 194)\n#          got: 'Illegal PMC enum (0) in new\n# current instr.: 'main' pc 35 (/home/ryan/devel/parrot/t/pmc/ro_11.pir:21)\n# '\n#     expected: 'reached end\n# '\n# './parrot -D40 --gc-debug  \"/home/ryan/devel/parrot/t/pmc/ro_11.pir\"' \nfailed with exit code 1\nt/pmc/ro.................................NOK 13\n#     Failed test (t/pmc/ro.t at line 194)\n#          got: 'Illegal PMC enum (0) in new\n# current instr.: 'main' pc 35 (/home/ryan/devel/parrot/t/pmc/ro_13.pir:21)\n# '\n#     expected: 'reached end\n# '\n# './parrot -D40 --gc-debug  \"/home/ryan/devel/parrot/t/pmc/ro_13.pir\"' \nfailed with exit code 1\nt/pmc/ro.................................ok 17/17# Looks like you failed \n6 tests of 17.\nt/pmc/ro.................................dubious\n\tTest returned status 6 (wstat 1536, 0x600)\nDIED. FAILED tests 7-11, 13\n\tFailed 6/17 tests, 64.71% okay\nt/pmc/role...............................ok\nt/pmc/sarray.............................ok\nt/pmc/scalar.............................ok\nt/pmc/sharedref..........................ok\nt/pmc/signal.............................skipped\n         all skipped: No events yet\nt/pmc/slice..............................ok\nt/pmc/smop_attribute.....................ok\nt/pmc/smop_class.........................ok\nt/pmc/stmlog.............................ok\nt/pmc/stmref.............................ok\nt/pmc/stmvar.............................ok\nt/pmc/string.............................ok\nt/pmc/sub................................ok\nt/pmc/super..............................ok\nt/pmc/sys................................ok\nt/pmc/threads............................ok\n         2/20 skipped: no shared Strings yet\nt/pmc/timer..............................ok\nt/pmc/tqueue.............................ok\nt/pmc/undef..............................ok\nt/pmc/unmanagedstruct....................ok\nt/pmc/version............................ok\nt/pmc/vtablecache........................ok\nt/native_pbc/header......................ok\n         8/8 skipped: new header format not yet implemented\nt/native_pbc/integer.....................skipped\n         all skipped: Ongoing PBC format changes\nt/native_pbc/number......................skipped\n         all skipped: Ongoing PBC format changes\nt/native_pbc/string......................ok\n         1/1 skipped: string changes\nt/dynpmc/dynlexpad.......................NOK 1\n#     Failed test (t/dynpmc/dynlexpad.t at line 26)\n#          got: 'not loaded\n# '\n#     expected: 'ok\n# '\nt/dynpmc/dynlexpad.......................NOK 2\n#     Failed test (t/dynpmc/dynlexpad.t at line 53)\n#          got: 'error:imcc:syntax error, unexpected DOT, expecting INTC\n# \tin file '/home/ryan/devel/parrot/t/dynpmc/dynlexpad_2.pir' line 9\n# '\n#     expected: 'ok 1\n# ok 2\n# 13013\n# '\n# './parrot -D40 --gc-debug \n\"/home/ryan/devel/parrot/t/dynpmc/dynlexpad_2.pir\"' failed with exit code 1\nt/dynpmc/dynlexpad.......................NOK 3\n#     Failed test (t/dynpmc/dynlexpad.t at line 75)\n#          got: 'error:imcc:syntax error, unexpected DOT, expecting INTC\n# \tin file '/home/ryan/devel/parrot/t/dynpmc/dynlexpad_3.pir' line 9\n# '\n#     expected: '13013\n# 13013\n# '\n# './parrot -D40 --gc-debug \n\"/home/ryan/devel/parrot/t/dynpmc/dynlexpad_3.pir\"' failed with exit code 1\nt/dynpmc/dynlexpad.......................NOK 4\n#     Failed test (t/dynpmc/dynlexpad.t at line 105)\n#          got: 'error:imcc:syntax error, unexpected DOT, expecting INTC\n# \tin file '/home/ryan/devel/parrot/t/dynpmc/dynlexpad_4.pir' line 9\n# '\n#     expected: '13013\n# 13013\n# 55\n# '\n# './parrot -D40 --gc-debug \n\"/home/ryan/devel/parrot/t/dynpmc/dynlexpad_4.pir\"' failed with exit code 1\nt/dynpmc/dynlexpad.......................NOK 5\n#     Failed test (t/dynpmc/dynlexpad.t at line 150)\n#          got: 'error:imcc:syntax error, unexpected DOT, expecting INTC\n# \tin file '/home/ryan/devel/parrot/t/dynpmc/dynlexpad_5.pir' line 9\n# '\n#     expected: 'DynLexPad\n# LexPad\n# '\n# './parrot -D40 --gc-debug \n\"/home/ryan/devel/parrot/t/dynpmc/dynlexpad_5.pir\"' failed with exit code 1\nt/dynpmc/dynlexpad.......................NOK 6\n#     Failed test (t/dynpmc/dynlexpad.t at line 177)\n#          got: 'error:imcc:syntax error, unexpected DOT, expecting INTC\n# \tin file '/home/ryan/devel/parrot/t/dynpmc/dynlexpad_6.pir' line 9\n# '\n#     expected: 'ok 1\n# ok 2\n# ok 3\n# '\n# './parrot -D40 --gc-debug \n\"/home/ryan/devel/parrot/t/dynpmc/dynlexpad_6.pir\"' failed with exit code 1\n# Looks like you failed 6 tests of 6.\nt/dynpmc/dynlexpad.......................dubious\n\tTest returned status 6 (wstat 1536, 0x600)\nDIED. FAILED tests 1-6\n\tFailed 6/6 tests, 0.00% okay\nt/dynpmc/foo.............................NOK 1\n#     Failed test (t/dynpmc/foo.t at line 26)\n#          got: 'Illegal PMC enum (0) in new\n# current instr.: 'main' pc 6 (/home/ryan/devel/parrot/t/dynpmc/foo_1.pir:5)\n# '\n#     expected: '42\n# '\n# './parrot -D40 --gc-debug \n\"/home/ryan/devel/parrot/t/dynpmc/foo_1.pir\"' failed with exit code 1\nt/dynpmc/foo.............................NOK 2\n#     Failed test (t/dynpmc/foo.t at line 41)\n#          got: 'Illegal PMC enum (0) in new\n# current instr.: 'main' pc 9 (/home/ryan/devel/parrot/t/dynpmc/foo_2.pir:9)\n# '\n#     expected: '42\n# '\n# './parrot -D40 --gc-debug \n\"/home/ryan/devel/parrot/t/dynpmc/foo_2.pir\"' failed with exit code 1\nt/dynpmc/foo.............................NOK 3\n#     Failed test (t/dynpmc/foo.t at line 59)\n#          got: 'Illegal PMC enum (0) in new\n# current instr.: 'main' pc 19 \n(/home/ryan/devel/parrot/t/dynpmc/foo_3.pir:16)\n# '\n#     expected: '42\n# '\n# './parrot -D40 --gc-debug \n\"/home/ryan/devel/parrot/t/dynpmc/foo_3.pir\"' failed with exit code 1\nt/dynpmc/foo.............................NOK 4\n#     Failed test (t/dynpmc/foo.t at line 84)\n#          got: 'Illegal PMC enum (0) in new\n# current instr.: 'main' pc 20 \n(/home/ryan/devel/parrot/t/dynpmc/foo_4.pir:14)\n# '\n#     expected: '42\n# '\n# './parrot -D40 --gc-debug \n\"/home/ryan/devel/parrot/t/dynpmc/foo_4.pir\"' failed with exit code 1\nt/dynpmc/foo.............................NOK 5\n#     Failed test (t/dynpmc/foo.t at line 107)\n#          got: 'Illegal PMC enum (0) in new\n# current instr.: 'main' pc 28 \n(/home/ryan/devel/parrot/t/dynpmc/foo_5.pir:18)\n# '\n#     expected: '42\n# '\n# './parrot -D40 --gc-debug \n\"/home/ryan/devel/parrot/t/dynpmc/foo_5.pir\"' failed with exit code 1\nt/dynpmc/foo.............................NOK 7\n#     Failed test (t/dynpmc/foo.t at line 162)\n#          got: 'Class 'Foo' not found\n# current instr.: 'main' pc 3 (/home/ryan/devel/parrot/t/dynpmc/foo_7.pir:4)\n# '\n#     expected: '144\n# '\n# './parrot -D40 --gc-debug \n\"/home/ryan/devel/parrot/t/dynpmc/foo_7.pir\"' failed with exit code 1\nt/dynpmc/foo.............................NOK 8\n#     Failed test (t/dynpmc/foo.t at line 179)\n#          got: 'Class 'Foo' not found\n# current instr.: 'main' pc 0 (/home/ryan/devel/parrot/t/dynpmc/foo_8.pir:5)\n# '\n#     expected: '42\n# '\n# './parrot -D40 --gc-debug \n\"/home/ryan/devel/parrot/t/dynpmc/foo_8.pir\"' failed with exit code 1\nt/dynpmc/foo.............................NOK 9\n#     Failed test (t/dynpmc/foo.t at line 193)\n#          got: 'error:imcc:syntax error, unexpected DOT\n# \tin file '/home/ryan/devel/parrot/t/dynpmc/foo_9.pir' line 3\n# '\n#     expected: '42\n# '\n# './parrot -D40 --gc-debug \n\"/home/ryan/devel/parrot/t/dynpmc/foo_9.pir\"' failed with exit code 1\n# Looks like you failed 8 tests of 9.\nt/dynpmc/foo.............................dubious\n\tTest returned status 8 (wstat 2048, 0x800)\nDIED. FAILED tests 1-5, 7-9\n\tFailed 8/9 tests, 11.11% okay (less 1 skipped test: 0 okay, 0.00%)\nt/dynpmc/gdbmhash........................skipped\n         all skipped: No gdbm library available\nt/dynpmc/quantumreg......................skipped\n         all skipped: No quantum library available\nt/dynpmc/sub.............................NOK 1\n#     Failed test (t/dynpmc/sub.t at line 27)\n#          got: 'not loaded\n# '\n#     expected: 'ok\n# '\nt/dynpmc/sub.............................NOK 2\n#     Failed test (t/dynpmc/sub.t at line 41)\n#          got: 'error:imcc:syntax error, unexpected DOT, expecting INTC\n# \tin file '/home/ryan/devel/parrot/t/dynpmc/sub_2.pir' line 17\n# '\n#     expected: 'Sub\n# SubProxy\n# '\n# './parrot -D40 --gc-debug \n\"/home/ryan/devel/parrot/t/dynpmc/sub_2.pir\"' failed with exit code 1\n# Looks like you failed 2 tests of 2.\nt/dynpmc/sub.............................dubious\n\tTest returned status 2 (wstat 512, 0x200)\nDIED. FAILED tests 1-2\n\tFailed 2/2 tests, 0.00% okay\nt/dynpmc/subclass_with_pir_method........ok\nt/dynoplibs/dan..........................NOK 1\n#     Failed test (t/dynoplibs/dan.t at line 26)\n#          got: 'error:imcc:eval_ins: op 'mul_i_i_n' not found\n#\n# \tin file '/home/ryan/devel/parrot/t/dynoplibs/dan_1.pir' line 4\n# '\n#     expected: '25\n# '\n# './parrot -D40 --gc-debug \n\"/home/ryan/devel/parrot/t/dynoplibs/dan_1.pir\"' failed with exit code 1\nt/dynoplibs/dan..........................NOK 2\n#     Failed test (t/dynoplibs/dan.t at line 37)\n#          got: 'error:imcc:The opcode 'mul_i_i_nc' (mul<3>) was not \nfound. Check the type and number of the arguments\n# \tin file '/home/ryan/devel/parrot/t/dynoplibs/dan_2.pir' line 5\n# '\n#     expected: '42\n# '\n# './parrot -D40 --gc-debug \n\"/home/ryan/devel/parrot/t/dynoplibs/dan_2.pir\"' failed with exit code 2\nt/dynoplibs/dan..........................NOK 3\n#     Failed test (t/dynoplibs/dan.t at line 49)\n#          got: 'error:imcc:The opcode 'mul_i_ic_n' (mul<3>) was not \nfound. Check the type and number of the arguments\n# \tin file '/home/ryan/devel/parrot/t/dynoplibs/dan_3.pir' line 5\n# '\n#     expected: '42\n# '\n# './parrot -D40 --gc-debug \n\"/home/ryan/devel/parrot/t/dynoplibs/dan_3.pir\"' failed with exit code 2\nt/dynoplibs/dan..........................NOK 4\n#     Failed test (t/dynoplibs/dan.t at line 61)\n#          got: 'error:imcc:The opcode 'mul_i_i_n' (mul<3>) was not \nfound. Check the type and number of the arguments\n# \tin file '/home/ryan/devel/parrot/t/dynoplibs/dan_4.pir' line 6\n# '\n#     expected: '42\n# '\n# './parrot -D40 --gc-debug \n\"/home/ryan/devel/parrot/t/dynoplibs/dan_4.pir\"' failed with exit code 2\nt/dynoplibs/dan..........................NOK 5\n#     Failed test (t/dynoplibs/dan.t at line 74)\n#          got: 'error:imcc:The opcode 'mul_i_i_n' (mul<3>) was not \nfound. Check the type and number of the arguments\n# \tin file '/home/ryan/devel/parrot/t/dynoplibs/dan_5.pir' line 6\n# '\n#     expected: '42\n# '\n# './parrot -D40 --gc-debug \n\"/home/ryan/devel/parrot/t/dynoplibs/dan_5.pir\"' failed with exit code 2\nt/dynoplibs/dan..........................NOK 6\n#     Failed test (t/dynoplibs/dan.t at line 87)\n#          got: 'error:imcc:eval_ins: op 'mul_i_i_n' not found\n#\n# \tin file '/home/ryan/devel/parrot/t/dynoplibs/dan_6.pasm' line 3\n# '\n#     expected: '11\n# '\n# './parrot -D40 --gc-debug \n\"/home/ryan/devel/parrot/t/dynoplibs/dan_6.pasm\"' failed with exit code 1\n# Looks like you failed 6 tests of 6.\nt/dynoplibs/dan..........................dubious\n\tTest returned status 6 (wstat 1536, 0x600)\nDIED. FAILED tests 1-6\n\tFailed 6/6 tests, 0.00% okay\nt/dynoplibs/myops........................NOK 1\n#     Failed test (t/dynoplibs/myops.t at line 29)\n#          got: 'error:imcc:syntax error, unexpected '\\n', expecting '('\n# \tin file '/home/ryan/devel/parrot/t/dynoplibs/myops_1.pir' line 3\n# '\n#     expected: '42\n# '\n# './parrot -D40 --gc-debug \n\"/home/ryan/devel/parrot/t/dynoplibs/myops_1.pir\"' failed with exit code 1\nt/dynoplibs/myops........................NOK 2\n#     Failed test (t/dynoplibs/myops.t at line 40)\n#          got: 'error:imcc:syntax error, unexpected '\\n', expecting '('\n# \tin file '/home/ryan/devel/parrot/t/dynoplibs/myops_2.pir' line 3\n# '\n#     expected: 'fortytwo\n# '\n# './parrot -D40 --gc-debug \n\"/home/ryan/devel/parrot/t/dynoplibs/myops_2.pir\"' failed with exit code 1\nt/dynoplibs/myops........................NOK 3\n#     Failed test (t/dynoplibs/myops.t at line 51)\n#                   'error:imcc:syntax error, unexpected '\\n', expecting '('\n# \tin file '/home/ryan/devel/parrot/t/dynoplibs/myops_3.pir' line 4\n# '\n#     doesn't match '/neither here\n# (?!nor there)/\n# '\n# './parrot -D40 --gc-debug \n\"/home/ryan/devel/parrot/t/dynoplibs/myops_3.pir\"' failed with exit code 1\nt/dynoplibs/myops........................NOK 4\n#     Failed test (t/dynoplibs/myops.t at line 68)\n#          got: 'error:imcc:syntax error, unexpected IDENTIFIER, \nexpecting PARROT_OP\n# \tin file '/home/ryan/devel/parrot/t/dynoplibs/myops_4.pasm' line 2\n# '\n#     expected: '.loadlib \"myops_ops\"\n# q\n# '\n# './parrot -D40 --gc-debug \n\"/home/ryan/devel/parrot/t/dynoplibs/myops_4.pasm\"' failed with exit code 1\nt/dynoplibs/myops........................NOK 5\n#     Failed test (t/dynoplibs/myops.t at line 71)\n#          got: 'error:imcc:syntax error, unexpected FLOATC, expecting '('\n# \tin file '/home/ryan/devel/parrot/t/dynoplibs/myops_5.pir' line 5\n# '\n#     expected: '1\n# alarm\n# 2\n# 3\n# done.\n# '\n# './parrot -D40 --gc-debug \n\"/home/ryan/devel/parrot/t/dynoplibs/myops_5.pir\"' failed with exit code 1\nt/dynoplibs/myops........................NOK 6\n#     Failed test (t/dynoplibs/myops.t at line 102)\n#          got: 'error:imcc:syntax error, unexpected FLOATC, expecting '('\n# \tin file '/home/ryan/devel/parrot/t/dynoplibs/myops_6.pir' line 5\n# error:imcc:syntax error, unexpected FLOATC, expecting '('\n# \tin file '/home/ryan/devel/parrot/t/dynoplibs/myops_6.pir' line 7\n# error:imcc:syntax error, unexpected FLOATC, expecting '('\n# \tin file '/home/ryan/devel/parrot/t/dynoplibs/myops_6.pir' line 9\n# '\n#     expected: '1\n# alarm1\n# 2\n# alarm2\n# 3\n# alarm3\n# alarm1\n# alarm3\n# 4\n# alarm3\n# alarm3\n# alarm3\n# 5\n# done.\n# '\n# './parrot -D40 --gc-debug \n\"/home/ryan/devel/parrot/t/dynoplibs/myops_6.pir\"' failed with exit code 1\nt/dynoplibs/myops........................NOK 7\n#     Failed test (t/dynoplibs/myops.t at line 154)\n#          got: 'error:imcc:syntax error, unexpected IDENTIFIER, \nexpecting PARROT_OP\n# \tin file '/home/ryan/devel/parrot/t/dynoplibs/myops_7.pasm' line 3\n# '\n#     expected: 'F\n# F\n# F\n# F\n# '\n# './parrot -D40 --gc-debug \n\"/home/ryan/devel/parrot/t/dynoplibs/myops_7.pasm\"' failed with exit code 1\nt/dynoplibs/myops........................NOK 8\n#     Failed test (t/dynoplibs/myops.t at line 182)\n#          got: 'error:imcc:syntax error, unexpected IDENTIFIER, \nexpecting PARROT_OP\n# \tin file '/home/ryan/devel/parrot/t/dynoplibs/myops_8.pasm' line 5\n# '\n#     expected: '32767\n# 32768\n# 65535\n# 0\n# 65535\n# '\n# './parrot -D40 --gc-debug \n\"/home/ryan/devel/parrot/t/dynoplibs/myops_8.pasm\"' failed with exit code 1\n# Looks like you failed 8 tests of 8.\nt/dynoplibs/myops........................dubious\n\tTest returned status 8 (wstat 2048, 0x800)\nDIED. FAILED tests 1-8\n\tFailed 8/8 tests, 0.00% okay\nt/compilers/past/node....................ok\nt/compilers/past/past....................ok\nt/compilers/past/past_op.................ok\nt/compilers/past/past_val................ok\nt/compilers/past/past_var................ok\nt/compilers/pge/01-codestring............ok\nt/compilers/pge/02-match.................ok\nt/compilers/pge/03-optable...............ok\nt/compilers/pge/06-grammar...............ok\nt/compilers/pge/pge-hs...................ok\nt/compilers/pge/pge......................ok\nt/compilers/pge/pge_examples.............ok\nt/compilers/pge/pge_globs................ok\nt/compilers/pge/pge_text.................ok\nt/compilers/pge/pge_util.................ok\nt/compilers/pge/p5regex/p5rx.............ok\n         355/960 skipped: various reasons\nt/compilers/pge/p6regex/01-regex.........ok\nt/compilers/pge/p6regex/builtins.........ok\nt/compilers/pge/p6regex/closure..........ok\nt/compilers/pge/p6regex/context..........ok\nt/compilers/pge/p6regex/subrules.........ok\nt/compilers/pge/p6regex/syntax_errors....ok\nt/compilers/tge/basic....................ok\nt/compilers/tge/grammar..................ok\nt/compilers/tge/parser...................ok\nt/compilers/json/from_parrot.............ok\nt/compilers/json/to_parrot...............ok\nt/library/cgi_query_hash.................ok\nt/library/coroutine......................ok\nt/library/data_escape....................ok\n         1/22 skipped: test not written\nt/library/dumper.........................ok\nt/library/File_Spec......................skipped\n         all skipped: win32 implementation only\nt/library/getopt_obj.....................ok\nt/library/iter...........................ok\nt/library/md5............................ok\nt/library/mime_base64....................ok\nt/library/parrotlib......................ok\nt/library/pcre...........................ok\nt/library/pg.............................Couldn't load 'libpq': Shared \nobject \"libpq.so\" not found, required by \"parrot\"\ncurrent instr.: 'main' pc 16 (t/library/pg.t:37)\nt/library/pg.............................ok\n         43/43 skipped: skipped\nt/library/sort...........................ok\nt/library/streams........................ok\n         2/20 skipped: broken method invocation\nt/library/string_utils...................ok\nt/library/test_builder_tester............ok\nt/library/test_more......................ok\nt/library/yaml_parser_syck...............ok\nt/examples/japh..........................ok\nt/examples/library.......................ok\nt/examples/namespace.....................ok\nt/examples/pasm..........................ok\nt/examples/past..........................ok\nt/examples/pir...........................ok\nt/examples/shootout......................ok\n         1/20 skipped: pidigits.pir needs GMP\nt/examples/streams.......................ok\nt/examples/subs..........................ok\nt/run/exit...............................ok\nt/run/options............................ok\nt/src/atomic.............................ok\nt/src/basic..............................ok 2/3# 'cc \n-DAPPLLIB_EXP=\"/usr/local/lib/perl5/5.8.5/BSDPAN\" -DHAS_FPSETMASK \n-DHAS_FLOATINGPOINT_H  -pipe -I/usr/local/include -g  -I./include -c -o \nt/src/basic_3.o t/src/basic_3.c' failed with exit code 1\n# Failed to build 't/src/basic_3.o': t/src/basic_3.c: In function `main':\n# t/src/basic_3.c:23: warning: passing arg 1 of `Parrot_exit' makes \ninteger from pointer without a cast\n# t/src/basic_3.c:23: error: too many arguments to function `Parrot_exit'\nt/src/basic..............................NOK 3\n#     Failed test (t/src/basic.t at line 55)\n# Looks like you failed 1 test of 3.\nt/src/basic..............................dubious\n\tTest returned status 1 (wstat 256, 0x100)\nDIED. FAILED test 3\n\tFailed 1/3 tests, 66.67% okay\nt/src/compiler...........................# 'cc \n-DAPPLLIB_EXP=\"/usr/local/lib/perl5/5.8.5/BSDPAN\" -DHAS_FPSETMASK \n-DHAS_FLOATINGPOINT_H  -pipe -I/usr/local/include -g  -I./include -c -o \nt/src/compiler_1.o t/src/compiler_1.c' failed with exit code 1\n# Failed to build 't/src/compiler_1.o': t/src/compiler_1.c: In function \n`run':\n# t/src/compiler_1.c:32: warning: assignment makes pointer from integer \nwithout a cast\n# t/src/compiler_1.c:42: warning: assignment makes pointer from integer \nwithout a cast\n# t/src/compiler_1.c: In function `main':\n# t/src/compiler_1.c:57: error: `PackFile' undeclared (first use in this \nfunction)\n# t/src/compiler_1.c:57: error: (Each undeclared identifier is reported \nonly once\n# t/src/compiler_1.c:57: error: for each function it appears in.)\n# t/src/compiler_1.c:57: error: `pf' undeclared (first use in this function)\n# t/src/compiler_1.c:61: error: `PackFile_Segment' undeclared (first use \nin this function)\n# t/src/compiler_1.c:61: error: `seg' undeclared (first use in this \nfunction)\n# t/src/compiler_1.c:75: warning: passing arg 1 of `Parrot_exit' makes \ninteger from pointer without a cast\n# t/src/compiler_1.c:75: error: too many arguments to function `Parrot_exit'\n\nt/src/compiler...........................NOK 1#     Failed test \n(t/src/compiler.t at line 28)\n# 'cc -DAPPLLIB_EXP=\"/usr/local/lib/perl5/5.8.5/BSDPAN\" -DHAS_FPSETMASK \n-DHAS_FLOATINGPOINT_H  -pipe -I/usr/local/include -g  -I./include -c -o \nt/src/compiler_2.o t/src/compiler_2.c' failed with exit code 1\n# Failed to build 't/src/compiler_2.o': t/src/compiler_2.c: In function \n`run':\n# t/src/compiler_2.c:34: warning: assignment makes pointer from integer \nwithout a cast\n# t/src/compiler_2.c:44: warning: assignment makes pointer from integer \nwithout a cast\n# t/src/compiler_2.c: In function `main':\n# t/src/compiler_2.c:59: error: `PackFile' undeclared (first use in this \nfunction)\n# t/src/compiler_2.c:59: error: (Each undeclared identifier is reported \nonly once\n# t/src/compiler_2.c:59: error: for each function it appears in.)\n# t/src/compiler_2.c:59: error: `pf' undeclared (first use in this function)\n# t/src/compiler_2.c:63: error: `PackFile_Segment' undeclared (first use \nin this function)\n# t/src/compiler_2.c:63: error: `seg' undeclared (first use in this \nfunction)\n# t/src/compiler_2.c:77: warning: passing arg 1 of `Parrot_exit' makes \ninteger from pointer without a cast\n# t/src/compiler_2.c:77: error: too many arguments to function `Parrot_exit'\nt/src/compiler...........................NOK 2\n#     Failed test (t/src/compiler.t at line 108)\n# 'cc -DAPPLLIB_EXP=\"/usr/local/lib/perl5/5.8.5/BSDPAN\" -DHAS_FPSETMASK \n-DHAS_FLOATINGPOINT_H  -pipe -I/usr/local/include -g  -I./include -c -o \nt/src/compiler_3.o t/src/compiler_3.c' failed with exit code 1\n# Failed to build 't/src/compiler_3.o': t/src/compiler_3.c: In function \n`compile_run':\n# t/src/compiler_3.c:17: warning: assignment makes pointer from integer \nwithout a cast\n# t/src/compiler_3.c:27: warning: assignment makes pointer from integer \nwithout a cast\n# t/src/compiler_3.c: In function `main':\n# t/src/compiler_3.c:67: error: `PackFile' undeclared (first use in this \nfunction)\n# t/src/compiler_3.c:67: error: (Each undeclared identifier is reported \nonly once\n# t/src/compiler_3.c:67: error: for each function it appears in.)\n# t/src/compiler_3.c:67: error: `pf' undeclared (first use in this function)\n# t/src/compiler_3.c:71: error: `PackFile_Segment' undeclared (first use \nin this function)\n# t/src/compiler_3.c:71: error: `seg' undeclared (first use in this \nfunction)\n# t/src/compiler_3.c:85: warning: passing arg 1 of `Parrot_exit' makes \ninteger from pointer without a cast\n# t/src/compiler_3.c:85: error: too many arguments to function `Parrot_exit'\nt/src/compiler...........................NOK 3\n#     Failed test (t/src/compiler.t at line 190)\n# 'cc -DAPPLLIB_EXP=\"/usr/local/lib/perl5/5.8.5/BSDPAN\" -DHAS_FPSETMASK \n-DHAS_FLOATINGPOINT_H  -pipe -I/usr/local/include -g  -I./include -c -o \nt/src/compiler_4.o t/src/compiler_4.c' failed with exit code 1\n# Failed to build 't/src/compiler_4.o': t/src/compiler_4.c: In function \n`compile_run':\n# t/src/compiler_4.c:17: warning: assignment makes pointer from integer \nwithout a cast\n# t/src/compiler_4.c:27: warning: assignment makes pointer from integer \nwithout a cast\n# t/src/compiler_4.c: In function `main':\n# t/src/compiler_4.c:67: error: `PackFile' undeclared (first use in this \nfunction)\n# t/src/compiler_4.c:67: error: (Each undeclared identifier is reported \nonly once\n# t/src/compiler_4.c:67: error: for each function it appears in.)\n# t/src/compiler_4.c:67: error: `pf' undeclared (first use in this function)\n# t/src/compiler_4.c:71: error: `PackFile_Segment' undeclared (first use \nin this function)\n# t/src/compiler_4.c:71: error: `seg' undeclared (first use in this \nfunction)\n# t/src/compiler_4.c:85: warning: passing arg 1 of `Parrot_exit' makes \ninteger from pointer without a cast\n# t/src/compiler_4.c:85: error: too many arguments to function `Parrot_exit'\n\n#     Failed test (t/src/compiler.t at line 281)\nt/src/compiler...........................NOK 4# 'cc \n-DAPPLLIB_EXP=\"/usr/local/lib/perl5/5.8.5/BSDPAN\" -DHAS_FPSETMASK \n-DHAS_FLOATINGPOINT_H  -pipe -I/usr/local/include -g  -I./include -c -o \nt/src/compiler_5.o t/src/compiler_5.c' failed with exit code 1\n# Failed to build 't/src/compiler_5.o': t/src/compiler_5.c: In function \n`compile_run':\n# t/src/compiler_5.c:17: warning: assignment makes pointer from integer \nwithout a cast\n# t/src/compiler_5.c:27: warning: assignment makes pointer from integer \nwithout a cast\n# t/src/compiler_5.c: In function `main':\n# t/src/compiler_5.c:67: error: `PackFile' undeclared (first use in this \nfunction)\n# t/src/compiler_5.c:67: error: (Each undeclared identifier is reported \nonly once\n# t/src/compiler_5.c:67: error: for each function it appears in.)\n# t/src/compiler_5.c:67: error: `pf' undeclared (first use in this function)\n# t/src/compiler_5.c:71: error: `PackFile_Segment' undeclared (first use \nin this function)\n# t/src/compiler_5.c:71: error: `seg' undeclared (first use in this \nfunction)\n# t/src/compiler_5.c:85: warning: passing arg 1 of `Parrot_exit' makes \ninteger from pointer without a cast\n# t/src/compiler_5.c:85: error: too many arguments to function `Parrot_exit'\nt/src/compiler...........................NOK 5\n#     Failed test (t/src/compiler.t at line 372)\n# 'cc -DAPPLLIB_EXP=\"/usr/local/lib/perl5/5.8.5/BSDPAN\" -DHAS_FPSETMASK \n-DHAS_FLOATINGPOINT_H  -pipe -I/usr/local/include -g  -I./include -c -o \nt/src/compiler_6.o t/src/compiler_6.c' failed with exit code 1\n# Failed to build 't/src/compiler_6.o': t/src/compiler_6.c: In function \n`compile_run':\n# t/src/compiler_6.c:17: warning: assignment makes pointer from integer \nwithout a cast\n# t/src/compiler_6.c:27: warning: assignment makes pointer from integer \nwithout a cast\n# t/src/compiler_6.c: In function `main':\n# t/src/compiler_6.c:66: error: `PackFile' undeclared (first use in this \nfunction)\n# t/src/compiler_6.c:66: error: (Each undeclared identifier is reported \nonly once\n# t/src/compiler_6.c:66: error: for each function it appears in.)\n# t/src/compiler_6.c:66: error: `pf' undeclared (first use in this function)\n# t/src/compiler_6.c:70: error: `PackFile_Segment' undeclared (first use \nin this function)\n# t/src/compiler_6.c:70: error: `seg' undeclared (first use in this \nfunction)\n# t/src/compiler_6.c:83: warning: passing arg 1 of `Parrot_exit' makes \ninteger from pointer without a cast\n# t/src/compiler_6.c:83: error: too many arguments to function `Parrot_exit'\nt/src/compiler...........................NOK 6\n#     Failed test (t/src/compiler.t at line 463)\n# Looks like you failed 6 tests of 6.\nt/src/compiler...........................dubious\n\tTest returned status 6 (wstat 1536, 0x600)\nDIED. FAILED tests 1-6\n\tFailed 6/6 tests, 0.00% okay\nt/src/exit...............................# 'cc \n-DAPPLLIB_EXP=\"/usr/local/lib/perl5/5.8.5/BSDPAN\" -DHAS_FPSETMASK \n-DHAS_FLOATINGPOINT_H  -pipe -I/usr/local/include -g  -I./include -c -o \nt/src/exit_1.o t/src/exit_1.c' failed with exit code 1\n# Failed to build 't/src/exit_1.o': t/src/exit_1.c: In function `main':\n# t/src/exit_1.c:33: warning: passing arg 1 of `Parrot_on_exit' from \nincompatible pointer type\n# t/src/exit_1.c:33: error: too many arguments to function `Parrot_on_exit'\n# t/src/exit_1.c:34: warning: passing arg 1 of `Parrot_on_exit' from \nincompatible pointer type\n# t/src/exit_1.c:34: error: too many arguments to function `Parrot_on_exit'\n# t/src/exit_1.c:35: warning: passing arg 1 of `Parrot_on_exit' from \nincompatible pointer type\n# t/src/exit_1.c:35: error: too many arguments to function `Parrot_on_exit'\n# t/src/exit_1.c:36: warning: passing arg 1 of `Parrot_exit' makes \ninteger from pointer without a cast\n# t/src/exit_1.c:36: error: too many arguments to function `Parrot_exit'\nt/src/exit...............................NOK 1\n#     Failed test (t/src/exit.t at line 27)\n# Looks like you failed 1 test of 1.\nt/src/exit...............................dubious\n\tTest returned status 1 (wstat 256, 0x100)\nDIED. FAILED test 1\n\tFailed 1/1 tests, 0.00% okay\nt/src/extend.............................# 'cc \n-DAPPLLIB_EXP=\"/usr/local/lib/perl5/5.8.5/BSDPAN\" -DHAS_FPSETMASK \n-DHAS_FLOATINGPOINT_H  -pipe -I/usr/local/include -g  -I./include -c -o \nt/src/extend_1.o t/src/extend_1.c' failed with exit code 1\n# Failed to build 't/src/extend_1.o': t/src/extend_1.c: In function `main':\n# t/src/extend_1.c:24: warning: passing arg 1 of `Parrot_exit' makes \ninteger from pointer without a cast\n# t/src/extend_1.c:24: error: too many arguments to function `Parrot_exit'\n\nt/src/extend.............................NOK 1#     Failed test \n(t/src/extend.t at line 29)\n# 'cc -DAPPLLIB_EXP=\"/usr/local/lib/perl5/5.8.5/BSDPAN\" -DHAS_FPSETMASK \n-DHAS_FLOATINGPOINT_H  -pipe -I/usr/local/include -g  -I./include -c -o \nt/src/extend_2.o t/src/extend_2.c' failed with exit code 1\n# Failed to build 't/src/extend_2.o': t/src/extend_2.c: In function `main':\n# t/src/extend_2.c:25: warning: passing arg 1 of `Parrot_exit' makes \ninteger from pointer without a cast\n# t/src/extend_2.c:25: error: too many arguments to function `Parrot_exit'\nt/src/extend.............................NOK 2\n#     Failed test (t/src/extend.t at line 60)\n# 'cc -DAPPLLIB_EXP=\"/usr/local/lib/perl5/5.8.5/BSDPAN\" -DHAS_FPSETMASK \n-DHAS_FLOATINGPOINT_H  -pipe -I/usr/local/include -g  -I./include -c -o \nt/src/extend_3.o t/src/extend_3.c' failed with exit code 1\n# Failed to build 't/src/extend_3.o': t/src/extend_3.c: In function `main':\n# t/src/extend_3.c:19: warning: passing arg 1 of `Parrot_exit' makes \ninteger from pointer without a cast\n# t/src/extend_3.c:19: error: too many arguments to function `Parrot_exit'\nt/src/extend.............................NOK 3\n#     Failed test (t/src/extend.t at line 92)\n# 'cc -DAPPLLIB_EXP=\"/usr/local/lib/perl5/5.8.5/BSDPAN\" -DHAS_FPSETMASK \n-DHAS_FLOATINGPOINT_H  -pipe -I/usr/local/include -g  -I./include -c -o \nt/src/extend_4.o t/src/extend_4.c' failed with exit code 1\n# Failed to build 't/src/extend_4.o': t/src/extend_4.c: In function `main':\n# t/src/extend_4.c:23: warning: passing arg 1 of `Parrot_exit' makes \ninteger from pointer without a cast\n# t/src/extend_4.c:23: error: too many arguments to function `Parrot_exit'\nt/src/extend.............................NOK 4\n#     Failed test (t/src/extend.t at line 118)\n# 'cc -DAPPLLIB_EXP=\"/usr/local/lib/perl5/5.8.5/BSDPAN\" -DHAS_FPSETMASK \n-DHAS_FLOATINGPOINT_H  -pipe -I/usr/local/include -g  -I./include -c -o \nt/src/extend_5.o t/src/extend_5.c' failed with exit code 1\n# Failed to build 't/src/extend_5.o': t/src/extend_5.c: In function `main':\n# t/src/extend_5.c:26: warning: passing arg 1 of `Parrot_exit' makes \ninteger from pointer without a cast\n# t/src/extend_5.c:26: error: too many arguments to function `Parrot_exit'\nt/src/extend.............................NOK 5\n#     Failed test (t/src/extend.t at line 148)\n# 'cc -DAPPLLIB_EXP=\"/usr/local/lib/perl5/5.8.5/BSDPAN\" -DHAS_FPSETMASK \n-DHAS_FLOATINGPOINT_H  -pipe -I/usr/local/include -g  -I./include -c -o \nt/src/extend_6.o t/src/extend_6.c' failed with exit code 1\n# Failed to build 't/src/extend_6.o': t/src/extend_6.c: In function `main':\n# t/src/extend_6.c:34: warning: passing arg 1 of `Parrot_exit' makes \ninteger from pointer without a cast\n# t/src/extend_6.c:34: error: too many arguments to function `Parrot_exit'\nt/src/extend.............................NOK 6\n#     Failed test (t/src/extend.t at line 180)\n# 'cc -DAPPLLIB_EXP=\"/usr/local/lib/perl5/5.8.5/BSDPAN\" -DHAS_FPSETMASK \n-DHAS_FLOATINGPOINT_H  -pipe -I/usr/local/include -g  -I./include -c -o \nt/src/extend_7.o t/src/extend_7.c' failed with exit code 1\n# Failed to build 't/src/extend_7.o': t/src/extend_7.c: In function `main':\n# t/src/extend_7.c:30: warning: passing arg 1 of `Parrot_exit' makes \ninteger from pointer without a cast\n# t/src/extend_7.c:30: error: too many arguments to function `Parrot_exit'\nt/src/extend.............................NOK 7\n#     Failed test (t/src/extend.t at line 220)\n# 'cc -DAPPLLIB_EXP=\"/usr/local/lib/perl5/5.8.5/BSDPAN\" -DHAS_FPSETMASK \n-DHAS_FLOATINGPOINT_H  -pipe -I/usr/local/include -g  -I./include -c -o \nt/src/extend_8.o t/src/extend_8.c' failed with exit code 1\n# Failed to build 't/src/extend_8.o': t/src/extend_8.c: In function `main':\n# t/src/extend_8.c:27: warning: passing arg 1 of `Parrot_exit' makes \ninteger from pointer without a cast\n# t/src/extend_8.c:27: error: too many arguments to function `Parrot_exit'\n\nt/src/extend.............................NOK 8#     Failed test \n(t/src/extend.t at line 256)\n# 'cc -DAPPLLIB_EXP=\"/usr/local/lib/perl5/5.8.5/BSDPAN\" -DHAS_FPSETMASK \n-DHAS_FLOATINGPOINT_H  -pipe -I/usr/local/include -g  -I./include -c -o \nt/src/extend_9.o t/src/extend_9.c' failed with exit code 1\n# Failed to build 't/src/extend_9.o': t/src/extend_9.c: In function `main':\n# t/src/extend_9.c:27: warning: passing arg 1 of `Parrot_exit' makes \ninteger from pointer without a cast\n# t/src/extend_9.c:27: error: too many arguments to function `Parrot_exit'\nt/src/extend.............................NOK 9\n#     Failed test (t/src/extend.t at line 289)\n# 'cc -DAPPLLIB_EXP=\"/usr/local/lib/perl5/5.8.5/BSDPAN\" -DHAS_FPSETMASK \n-DHAS_FLOATINGPOINT_H  -pipe -I/usr/local/include -g  -I./include -c -o \nt/src/extend_10.o t/src/extend_10.c' failed with exit code 1\n# Failed to build 't/src/extend_10.o': t/src/extend_10.c: In function \n`main':\n# t/src/extend_10.c:28: warning: passing arg 1 of `Parrot_exit' makes \ninteger from pointer without a cast\n# t/src/extend_10.c:28: error: too many arguments to function `Parrot_exit'\nt/src/extend.............................NOK 10\n#     Failed test (t/src/extend.t at line 322)\n# 'cc -DAPPLLIB_EXP=\"/usr/local/lib/perl5/5.8.5/BSDPAN\" -DHAS_FPSETMASK \n-DHAS_FLOATINGPOINT_H  -pipe -I/usr/local/include -g  -I./include -c -o \nt/src/extend_11.o t/src/extend_11.c' failed with exit code 1\n# Failed to build 't/src/extend_11.o': t/src/extend_11.c: In function \n`main':\n# t/src/extend_11.c:32: warning: passing arg 1 of `Parrot_exit' makes \ninteger from pointer without a cast\n# t/src/extend_11.c:32: error: too many arguments to function `Parrot_exit'\nt/src/extend.............................NOK 11\n#     Failed test (t/src/extend.t at line 356)\n# 'cc -DAPPLLIB_EXP=\"/usr/local/lib/perl5/5.8.5/BSDPAN\" -DHAS_FPSETMASK \n-DHAS_FLOATINGPOINT_H  -pipe -I/usr/local/include -g  -I./include -c -o \nt/src/extend_12.o t/src/extend_12.c' failed with exit code 1\n# Failed to build 't/src/extend_12.o': t/src/extend_12.c: In function \n`main':\n# t/src/extend_12.c:18: warning: passing arg 1 of `Parrot_exit' makes \ninteger from pointer without a cast\n# t/src/extend_12.c:18: error: too many arguments to function `Parrot_exit'\n# t/src/extend_12.c: In function `the_test':\n# t/src/extend_12.c:29: error: `PackFile' undeclared (first use in this \nfunction)\n# t/src/extend_12.c:29: error: (Each undeclared identifier is reported \nonly once\n# t/src/extend_12.c:29: error: for each function it appears in.)\n# t/src/extend_12.c:29: error: `pf' undeclared (first use in this function)\n# t/src/extend_12.c:36: warning: assignment makes pointer from integer \nwithout a cast\n# t/src/extend_12.c:44: warning: assignment makes pointer from integer \nwithout a cast\nt/src/extend.............................NOK 12\n#     Failed test (t/src/extend.t at line 415)\n# 'cc -DAPPLLIB_EXP=\"/usr/local/lib/perl5/5.8.5/BSDPAN\" -DHAS_FPSETMASK \n-DHAS_FLOATINGPOINT_H  -pipe -I/usr/local/include -g  -I./include -c -o \nt/src/extend_13.o t/src/extend_13.c' failed with exit code 1\n# Failed to build 't/src/extend_13.o': t/src/extend_13.c: In function \n`main':\n# t/src/extend_13.c:19: warning: passing arg 1 of `Parrot_exit' makes \ninteger from pointer without a cast\n# t/src/extend_13.c:19: error: too many arguments to function `Parrot_exit'\n# t/src/extend_13.c: In function `the_test':\n# t/src/extend_13.c:30: error: `PackFile' undeclared (first use in this \nfunction)\n# t/src/extend_13.c:30: error: (Each undeclared identifier is reported \nonly once\n# t/src/extend_13.c:30: error: for each function it appears in.)\n# t/src/extend_13.c:30: error: `pf' undeclared (first use in this function)\n# t/src/extend_13.c:38: warning: assignment makes pointer from integer \nwithout a cast\n# t/src/extend_13.c:44: error: structure has no member named \n`current_runloop_id'\nt/src/extend.............................NOK 13\n#     Failed test (t/src/extend.t at line 488)\n# 'cc -DAPPLLIB_EXP=\"/usr/local/lib/perl5/5.8.5/BSDPAN\" -DHAS_FPSETMASK \n-DHAS_FLOATINGPOINT_H  -pipe -I/usr/local/include -g  -I./include -c -o \nt/src/extend_14.o t/src/extend_14.c' failed with exit code 1\n# Failed to build 't/src/extend_14.o': t/src/extend_14.c: In function \n`main':\n# t/src/extend_14.c:30: warning: passing arg 1 of `Parrot_exit' makes \ninteger from pointer without a cast\n# t/src/extend_14.c:30: error: too many arguments to function `Parrot_exit'\nt/src/extend.............................NOK 14\n#     Failed test (t/src/extend.t at line 587)\n# 'cc -DAPPLLIB_EXP=\"/usr/local/lib/perl5/5.8.5/BSDPAN\" -DHAS_FPSETMASK \n-DHAS_FLOATINGPOINT_H  -pipe -I/usr/local/include -g  -I./include -c -o \nt/src/extend_15.o t/src/extend_15.c' failed with exit code 1\n# Failed to build 't/src/extend_15.o': t/src/extend_15.c: In function \n`main':\n# t/src/extend_15.c:24: warning: assignment makes pointer from integer \nwithout a cast\n# t/src/extend_15.c:27: warning: assignment makes pointer from integer \nwithout a cast\n# t/src/extend_15.c:35: warning: assignment makes pointer from integer \nwithout a cast\n# t/src/extend_15.c:39: warning: passing arg 1 of `Parrot_exit' makes \ninteger from pointer without a cast\n# t/src/extend_15.c:39: error: too many arguments to function `Parrot_exit'\nt/src/extend.............................NOK 15\n#     Failed test (t/src/extend.t at line 623)\n# 'cc -DAPPLLIB_EXP=\"/usr/local/lib/perl5/5.8.5/BSDPAN\" -DHAS_FPSETMASK \n-DHAS_FLOATINGPOINT_H  -pipe -I/usr/local/include -g  -I./include -c -o \nt/src/extend_16.o t/src/extend_16.c' failed with exit code 1\n# Failed to build 't/src/extend_16.o': t/src/extend_16.c: In function \n`main':\n# t/src/extend_16.c:22: warning: assignment makes pointer from integer \nwithout a cast\n# t/src/extend_16.c:23: warning: assignment makes integer from pointer \nwithout a cast\n# t/src/extend_16.c:26: warning: passing arg 1 of `Parrot_exit' makes \ninteger from pointer without a cast\n# t/src/extend_16.c:26: error: too many arguments to function `Parrot_exit'\nt/src/extend.............................NOK 16\n#     Failed test (t/src/extend.t at line 668)\n# Looks like you failed 16 tests of 16.\nt/src/extend.............................dubious\n\tTest returned status 16 (wstat 4096, 0x1000)\nDIED. FAILED tests 1-16\n\tFailed 16/16 tests, 0.00% okay\nt/src/hash...............................# 'cc \n-DAPPLLIB_EXP=\"/usr/local/lib/perl5/5.8.5/BSDPAN\" -DHAS_FPSETMASK \n-DHAS_FLOATINGPOINT_H  -pipe -I/usr/local/include -g  -I./include -c -o \nt/src/hash_1.o t/src/hash_1.c' failed with exit code 1\n# Failed to build 't/src/hash_1.o': t/src/hash_1.c: In function `main':\n# t/src/hash_1.c:16: warning: passing arg 1 of `Parrot_exit' makes \ninteger from pointer without a cast\n# t/src/hash_1.c:16: error: too many arguments to function `Parrot_exit'\nt/src/hash...............................NOK 1\n#     Failed test (t/src/hash.t at line 48)\n# 'cc -DAPPLLIB_EXP=\"/usr/local/lib/perl5/5.8.5/BSDPAN\" -DHAS_FPSETMASK \n-DHAS_FLOATINGPOINT_H  -pipe -I/usr/local/include -g  -I./include -c -o \nt/src/hash_2.o t/src/hash_2.c' failed with exit code 1\n# Failed to build 't/src/hash_2.o': t/src/hash_2.c: In function `main':\n# t/src/hash_2.c:16: warning: passing arg 1 of `Parrot_exit' makes \ninteger from pointer without a cast\n# t/src/hash_2.c:16: error: too many arguments to function `Parrot_exit'\nt/src/hash...............................NOK 2\n#     Failed test (t/src/hash.t at line 78)\n# 'cc -DAPPLLIB_EXP=\"/usr/local/lib/perl5/5.8.5/BSDPAN\" -DHAS_FPSETMASK \n-DHAS_FLOATINGPOINT_H  -pipe -I/usr/local/include -g  -I./include -c -o \nt/src/hash_3.o t/src/hash_3.c' failed with exit code 1\n# Failed to build 't/src/hash_3.o': t/src/hash_3.c: In function `main':\n# t/src/hash_3.c:16: warning: passing arg 1 of `Parrot_exit' makes \ninteger from pointer without a cast\n# t/src/hash_3.c:16: error: too many arguments to function `Parrot_exit'\n# t/src/hash_3.c: In function `the_test':\n# t/src/hash_3.c:45: warning: assignment makes pointer from integer \nwithout a cast\nt/src/hash...............................NOK 3\n#     Failed test (t/src/hash.t at line 116)\n# 'cc -DAPPLLIB_EXP=\"/usr/local/lib/perl5/5.8.5/BSDPAN\" -DHAS_FPSETMASK \n-DHAS_FLOATINGPOINT_H  -pipe -I/usr/local/include -g  -I./include -c -o \nt/src/hash_4.o t/src/hash_4.c' failed with exit code 1\n# Failed to build 't/src/hash_4.o': t/src/hash_4.c: In function `main':\n# t/src/hash_4.c:16: warning: passing arg 1 of `Parrot_exit' makes \ninteger from pointer without a cast\n# t/src/hash_4.c:16: error: too many arguments to function `Parrot_exit'\n# t/src/hash_4.c: In function `the_test':\n# t/src/hash_4.c:53: warning: assignment makes pointer from integer \nwithout a cast\nt/src/hash...............................NOK 4\n#     Failed test (t/src/hash.t at line 153)\n# 'cc -DAPPLLIB_EXP=\"/usr/local/lib/perl5/5.8.5/BSDPAN\" -DHAS_FPSETMASK \n-DHAS_FLOATINGPOINT_H  -pipe -I/usr/local/include -g  -I./include -c -o \nt/src/hash_5.o t/src/hash_5.c' failed with exit code 1\n# Failed to build 't/src/hash_5.o': t/src/hash_5.c: In function `main':\n# t/src/hash_5.c:16: warning: passing arg 1 of `Parrot_exit' makes \ninteger from pointer without a cast\n# t/src/hash_5.c:16: error: too many arguments to function `Parrot_exit'\n# t/src/hash_5.c: In function `the_test':\n# t/src/hash_5.c:45: warning: assignment makes pointer from integer \nwithout a cast\nt/src/hash...............................NOK 5\n#     Failed test (t/src/hash.t at line 198)\n# 'cc -DAPPLLIB_EXP=\"/usr/local/lib/perl5/5.8.5/BSDPAN\" -DHAS_FPSETMASK \n-DHAS_FLOATINGPOINT_H  -pipe -I/usr/local/include -g  -I./include -c -o \nt/src/hash_6.o t/src/hash_6.c' failed with exit code 1\n# Failed to build 't/src/hash_6.o': t/src/hash_6.c: In function `main':\n# t/src/hash_6.c:16: warning: passing arg 1 of `Parrot_exit' makes \ninteger from pointer without a cast\n# t/src/hash_6.c:16: error: too many arguments to function `Parrot_exit'\n# t/src/hash_6.c: In function `the_test':\n# t/src/hash_6.c:53: warning: assignment makes pointer from integer \nwithout a cast\nt/src/hash...............................NOK 6\n#     Failed test (t/src/hash.t at line 235)\n# 'cc -DAPPLLIB_EXP=\"/usr/local/lib/perl5/5.8.5/BSDPAN\" -DHAS_FPSETMASK \n-DHAS_FLOATINGPOINT_H  -pipe -I/usr/local/include -g  -I./include -c -o \nt/src/hash_7.o t/src/hash_7.c' failed with exit code 1\n# Failed to build 't/src/hash_7.o': t/src/hash_7.c: In function `main':\n# t/src/hash_7.c:16: warning: passing arg 1 of `Parrot_exit' makes \ninteger from pointer without a cast\n# t/src/hash_7.c:16: error: too many arguments to function `Parrot_exit'\nt/src/hash...............................NOK 7\n#     Failed test (t/src/hash.t at line 280)\n# 'cc -DAPPLLIB_EXP=\"/usr/local/lib/perl5/5.8.5/BSDPAN\" -DHAS_FPSETMASK \n-DHAS_FLOATINGPOINT_H  -pipe -I/usr/local/include -g  -I./include -c -o \nt/src/hash_8.o t/src/hash_8.c' failed with exit code 1\n# Failed to build 't/src/hash_8.o': t/src/hash_8.c: In function `main':\n# t/src/hash_8.c:16: warning: passing arg 1 of `Parrot_exit' makes \ninteger from pointer without a cast\n# t/src/hash_8.c:16: error: too many arguments to function `Parrot_exit'\nt/src/hash...............................NOK 8\n#     Failed test (t/src/hash.t at line 325)\n# 'cc -DAPPLLIB_EXP=\"/usr/local/lib/perl5/5.8.5/BSDPAN\" -DHAS_FPSETMASK \n-DHAS_FLOATINGPOINT_H  -pipe -I/usr/local/include -g  -I./include -c -o \nt/src/hash_9.o t/src/hash_9.c' failed with exit code 1\n# Failed to build 't/src/hash_9.o': t/src/hash_9.c: In function `main':\n# t/src/hash_9.c:16: warning: passing arg 1 of `Parrot_exit' makes \ninteger from pointer without a cast\n# t/src/hash_9.c:16: error: too many arguments to function `Parrot_exit'\n# t/src/hash_9.c: In function `the_test':\n# t/src/hash_9.c:46: warning: assignment makes pointer from integer \nwithout a cast\n# t/src/hash_9.c:52: warning: assignment makes pointer from integer \nwithout a cast\nt/src/hash...............................NOK 9\n#     Failed test (t/src/hash.t at line 375)\n# 'cc -DAPPLLIB_EXP=\"/usr/local/lib/perl5/5.8.5/BSDPAN\" -DHAS_FPSETMASK \n-DHAS_FLOATINGPOINT_H  -pipe -I/usr/local/include -g  -I./include -c -o \nt/src/hash_10.o t/src/hash_10.c' failed with exit code 1\n# Failed to build 't/src/hash_10.o': t/src/hash_10.c: In function `main':\n# t/src/hash_10.c:16: warning: passing arg 1 of `Parrot_exit' makes \ninteger from pointer without a cast\n# t/src/hash_10.c:16: error: too many arguments to function `Parrot_exit'\nt/src/hash...............................NOK 10\n#     Failed test (t/src/hash.t at line 460)\n# 'cc -DAPPLLIB_EXP=\"/usr/local/lib/perl5/5.8.5/BSDPAN\" -DHAS_FPSETMASK \n-DHAS_FLOATINGPOINT_H  -pipe -I/usr/local/include -g  -I./include -c -o \nt/src/hash_11.o t/src/hash_11.c' failed with exit code 1\n# Failed to build 't/src/hash_11.o': t/src/hash_11.c: In function `main':\n# t/src/hash_11.c:16: warning: passing arg 1 of `Parrot_exit' makes \ninteger from pointer without a cast\n# t/src/hash_11.c:16: error: too many arguments to function `Parrot_exit'\nt/src/hash...............................NOK 11\n#     Failed test (t/src/hash.t at line 480)\n# Looks like you failed 11 tests of 11.\nt/src/hash...............................dubious\n\tTest returned status 11 (wstat 2816, 0xb00)\nDIED. FAILED tests 1-11\n\tFailed 11/11 tests, 0.00% okay\nt/src/intlist............................# 'cc \n-DAPPLLIB_EXP=\"/usr/local/lib/perl5/5.8.5/BSDPAN\" -DHAS_FPSETMASK \n-DHAS_FLOATINGPOINT_H  -pipe -I/usr/local/include -g  -I./include -c -o \nt/src/intlist_1.o t/src/intlist_1.c' failed with exit code 1\n# Failed to build 't/src/intlist_1.o': t/src/intlist_1.c: In function \n`main':\n# t/src/intlist_1.c:21: warning: passing arg 1 of `Parrot_exit' makes \ninteger from pointer without a cast\n# t/src/intlist_1.c:21: error: too many arguments to function `Parrot_exit'\nt/src/intlist............................NOK 1\n#     Failed test (t/src/intlist.t at line 27)\nt/src/intlist............................ok 4/4# Looks like you failed 1 \ntest of 4.\nt/src/intlist............................dubious\n\tTest returned status 1 (wstat 256, 0x100)\nDIED. FAILED test 1\n\tFailed 1/4 tests, 75.00% okay\nt/src/io.................................# 'cc \n-DAPPLLIB_EXP=\"/usr/local/lib/perl5/5.8.5/BSDPAN\" -DHAS_FPSETMASK \n-DHAS_FLOATINGPOINT_H  -pipe -I/usr/local/include -g  -I./include -c -o \nt/src/io_1.o t/src/io_1.c' failed with exit code 1\n# Failed to build 't/src/io_1.o': t/src/io_1.c: In function `main':\n# t/src/io_1.c:17: warning: passing arg 1 of `Parrot_exit' makes integer \nfrom pointer without a cast\n# t/src/io_1.c:17: error: too many arguments to function `Parrot_exit'\n\nt/src/io.................................NOK 1#     Failed test \n(t/src/io.t at line 73)\n# 'cc -DAPPLLIB_EXP=\"/usr/local/lib/perl5/5.8.5/BSDPAN\" -DHAS_FPSETMASK \n-DHAS_FLOATINGPOINT_H  -pipe -I/usr/local/include -g  -I./include -c -o \nt/src/io_2.o t/src/io_2.c' failed with exit code 1\n# Failed to build 't/src/io_2.o': t/src/io_2.c: In function `main':\n# t/src/io_2.c:17: warning: passing arg 1 of `Parrot_exit' makes integer \nfrom pointer without a cast\n# t/src/io_2.c:17: error: too many arguments to function `Parrot_exit'\n\nt/src/io.................................NOK 2#     Failed test \n(t/src/io.t at line 88)\nreadline() on closed filehandle $FILE at t/src/io.t line 112.\nt/src/io.................................NOK 3\n#     Failed test (t/src/io.t at line 112)\n#          got: undef\n#     expected: 'Hello, World!\n# '\n# 'cc -DAPPLLIB_EXP=\"/usr/local/lib/perl5/5.8.5/BSDPAN\" -DHAS_FPSETMASK \n-DHAS_FLOATINGPOINT_H  -pipe -I/usr/local/include -g  -I./include -c -o \nt/src/io_4.o t/src/io_4.c' failed with exit code 1\n# Failed to build 't/src/io_4.o': t/src/io_4.c: In function `main':\n# t/src/io_4.c:17: warning: passing arg 1 of `Parrot_exit' makes integer \nfrom pointer without a cast\n# t/src/io_4.c:17: error: too many arguments to function `Parrot_exit'\n\nt/src/io.................................NOK 4#     Failed test \n(t/src/io.t at line 119)\n# 'cc -DAPPLLIB_EXP=\"/usr/local/lib/perl5/5.8.5/BSDPAN\" -DHAS_FPSETMASK \n-DHAS_FLOATINGPOINT_H  -pipe -I/usr/local/include -g  -I./include -c -o \nt/src/io_5.o t/src/io_5.c' failed with exit code 1\n# Failed to build 't/src/io_5.o': t/src/io_5.c: In function `main':\n# t/src/io_5.c:17: warning: passing arg 1 of `Parrot_exit' makes integer \nfrom pointer without a cast\n# t/src/io_5.c:17: error: too many arguments to function `Parrot_exit'\n\nt/src/io.................................NOK 5#     Failed test \n(t/src/io.t at line 161)\nreadline() on closed filehandle $FILE at t/src/io.t line 177.\nt/src/io.................................NOK 6\n#     Failed test (t/src/io.t at line 177)\n#          got: undef\n#     expected: 'Hello, World!\n# Parrot flies.\n# '\n# 'cc -DAPPLLIB_EXP=\"/usr/local/lib/perl5/5.8.5/BSDPAN\" -DHAS_FPSETMASK \n-DHAS_FLOATINGPOINT_H  -pipe -I/usr/local/include -g  -I./include -c -o \nt/src/io_7.o t/src/io_7.c' failed with exit code 1\n# Failed to build 't/src/io_7.o': t/src/io_7.c: In function `main':\n# t/src/io_7.c:17: warning: passing arg 1 of `Parrot_exit' makes integer \nfrom pointer without a cast\n# t/src/io_7.c:17: error: too many arguments to function `Parrot_exit'\nt/src/io.................................NOK 7\n#     Failed test (t/src/io.t at line 185)\n# 'cc -DAPPLLIB_EXP=\"/usr/local/lib/perl5/5.8.5/BSDPAN\" -DHAS_FPSETMASK \n-DHAS_FLOATINGPOINT_H  -pipe -I/usr/local/include -g  -I./include -c -o \nt/src/io_8.o t/src/io_8.c' failed with exit code 1\n# Failed to build 't/src/io_8.o': t/src/io_8.c: In function `main':\n# t/src/io_8.c:17: warning: passing arg 1 of `Parrot_exit' makes integer \nfrom pointer without a cast\n# t/src/io_8.c:17: error: too many arguments to function `Parrot_exit'\nt/src/io.................................NOK 8\n#     Failed test (t/src/io.t at line 215)\n# 'cc -DAPPLLIB_EXP=\"/usr/local/lib/perl5/5.8.5/BSDPAN\" -DHAS_FPSETMASK \n-DHAS_FLOATINGPOINT_H  -pipe -I/usr/local/include -g  -I./include -c -o \nt/src/io_9.o t/src/io_9.c' failed with exit code 1\n# Failed to build 't/src/io_9.o': t/src/io_9.c: In function `main':\n# t/src/io_9.c:17: warning: passing arg 1 of `Parrot_exit' makes integer \nfrom pointer without a cast\n# t/src/io_9.c:17: error: too many arguments to function `Parrot_exit'\nt/src/io.................................NOK 9\n#     Failed test (t/src/io.t at line 255)\n# 'cc -DAPPLLIB_EXP=\"/usr/local/lib/perl5/5.8.5/BSDPAN\" -DHAS_FPSETMASK \n-DHAS_FLOATINGPOINT_H  -pipe -I/usr/local/include -g  -I./include -c -o \nt/src/io_10.o t/src/io_10.c' failed with exit code 1\n# Failed to build 't/src/io_10.o': t/src/io_10.c: In function `main':\n# t/src/io_10.c:17: warning: passing arg 1 of `Parrot_exit' makes \ninteger from pointer without a cast\n# t/src/io_10.c:17: error: too many arguments to function `Parrot_exit'\nt/src/io.................................NOK 10\n#     Failed test (t/src/io.t at line 296)\n# 'cc -DAPPLLIB_EXP=\"/usr/local/lib/perl5/5.8.5/BSDPAN\" -DHAS_FPSETMASK \n-DHAS_FLOATINGPOINT_H  -pipe -I/usr/local/include -g  -I./include -c -o \nt/src/io_11.o t/src/io_11.c' failed with exit code 1\n# Failed to build 't/src/io_11.o': t/src/io_11.c: In function `main':\n# t/src/io_11.c:17: warning: passing arg 1 of `Parrot_exit' makes \ninteger from pointer without a cast\n# t/src/io_11.c:17: error: too many arguments to function `Parrot_exit'\nt/src/io.................................NOK 11\n#     Failed test (t/src/io.t at line 349)\n# 'cc -DAPPLLIB_EXP=\"/usr/local/lib/perl5/5.8.5/BSDPAN\" -DHAS_FPSETMASK \n-DHAS_FLOATINGPOINT_H  -pipe -I/usr/local/include -g  -I./include -c -o \nt/src/io_12.o t/src/io_12.c' failed with exit code 1\n# Failed to build 't/src/io_12.o': t/src/io_12.c: In function `main':\n# t/src/io_12.c:17: warning: passing arg 1 of `Parrot_exit' makes \ninteger from pointer without a cast\n# t/src/io_12.c:17: error: too many arguments to function `Parrot_exit'\nt/src/io.................................NOK 12\n#     Failed test (t/src/io.t at line 382)\n# 'cc -DAPPLLIB_EXP=\"/usr/local/lib/perl5/5.8.5/BSDPAN\" -DHAS_FPSETMASK \n-DHAS_FLOATINGPOINT_H  -pipe -I/usr/local/include -g  -I./include -c -o \nt/src/io_13.o t/src/io_13.c' failed with exit code 1\n# Failed to build 't/src/io_13.o': t/src/io_13.c: In function `main':\n# t/src/io_13.c:17: warning: passing arg 1 of `Parrot_exit' makes \ninteger from pointer without a cast\n# t/src/io_13.c:17: error: too many arguments to function `Parrot_exit'\nt/src/io.................................NOK 13\n#     Failed test (t/src/io.t at line 416)\n# 'cc -DAPPLLIB_EXP=\"/usr/local/lib/perl5/5.8.5/BSDPAN\" -DHAS_FPSETMASK \n-DHAS_FLOATINGPOINT_H  -pipe -I/usr/local/include -g  -I./include -c -o \nt/src/io_14.o t/src/io_14.c' failed with exit code 1\n# Failed to build 't/src/io_14.o': t/src/io_14.c: In function `main':\n# t/src/io_14.c:17: warning: passing arg 1 of `Parrot_exit' makes \ninteger from pointer without a cast\n# t/src/io_14.c:17: error: too many arguments to function `Parrot_exit'\nt/src/io.................................NOK 14\n#     Failed test (t/src/io.t at line 452)\n# 'cc -DAPPLLIB_EXP=\"/usr/local/lib/perl5/5.8.5/BSDPAN\" -DHAS_FPSETMASK \n-DHAS_FLOATINGPOINT_H  -pipe -I/usr/local/include -g  -I./include -c -o \nt/src/io_15.o t/src/io_15.c' failed with exit code 1\n# Failed to build 't/src/io_15.o': t/src/io_15.c: In function `main':\n# t/src/io_15.c:17: warning: passing arg 1 of `Parrot_exit' makes \ninteger from pointer without a cast\n# t/src/io_15.c:17: error: too many arguments to function `Parrot_exit'\nt/src/io.................................NOK 15\n#     Failed test (t/src/io.t at line 480)\n# 'cc -DAPPLLIB_EXP=\"/usr/local/lib/perl5/5.8.5/BSDPAN\" -DHAS_FPSETMASK \n-DHAS_FLOATINGPOINT_H  -pipe -I/usr/local/include -g  -I./include -c -o \nt/src/io_16.o t/src/io_16.c' failed with exit code 1\n# Failed to build 't/src/io_16.o': t/src/io_16.c: In function `main':\n# t/src/io_16.c:17: warning: passing arg 1 of `Parrot_exit' makes \ninteger from pointer without a cast\n# t/src/io_16.c:17: error: too many arguments to function `Parrot_exit'\nt/src/io.................................NOK 16\n#     Failed test (t/src/io.t at line 506)\n# 'cc -DAPPLLIB_EXP=\"/usr/local/lib/perl5/5.8.5/BSDPAN\" -DHAS_FPSETMASK \n-DHAS_FLOATINGPOINT_H  -pipe -I/usr/local/include -g  -I./include -c -o \nt/src/io_17.o t/src/io_17.c' failed with exit code 1\n# Failed to build 't/src/io_17.o': t/src/io_17.c: In function `main':\n# t/src/io_17.c:17: warning: passing arg 1 of `Parrot_exit' makes \ninteger from pointer without a cast\n# t/src/io_17.c:17: error: too many arguments to function `Parrot_exit'\nt/src/io.................................NOK 17\n#     Failed test (t/src/io.t at line 538)\n# 'cc -DAPPLLIB_EXP=\"/usr/local/lib/perl5/5.8.5/BSDPAN\" -DHAS_FPSETMASK \n-DHAS_FLOATINGPOINT_H  -pipe -I/usr/local/include -g  -I./include -c -o \nt/src/io_18.o t/src/io_18.c' failed with exit code 1\n# Failed to build 't/src/io_18.o': t/src/io_18.c: In function `main':\n# t/src/io_18.c:17: warning: passing arg 1 of `Parrot_exit' makes \ninteger from pointer without a cast\n# t/src/io_18.c:17: error: too many arguments to function `Parrot_exit'\nt/src/io.................................NOK 18\n#     Failed test (t/src/io.t at line 593)\n# 'cc -DAPPLLIB_EXP=\"/usr/local/lib/perl5/5.8.5/BSDPAN\" -DHAS_FPSETMASK \n-DHAS_FLOATINGPOINT_H  -pipe -I/usr/local/include -g  -I./include -c -o \nt/src/io_19.o t/src/io_19.c' failed with exit code 1\n# Failed to build 't/src/io_19.o': t/src/io_19.c: In function `main':\n# t/src/io_19.c:17: warning: passing arg 1 of `Parrot_exit' makes \ninteger from pointer without a cast\n# t/src/io_19.c:17: error: too many arguments to function `Parrot_exit'\nt/src/io.................................NOK 19\n#     Failed test (t/src/io.t at line 628)\n# 'cc -DAPPLLIB_EXP=\"/usr/local/lib/perl5/5.8.5/BSDPAN\" -DHAS_FPSETMASK \n-DHAS_FLOATINGPOINT_H  -pipe -I/usr/local/include -g  -I./include -c -o \nt/src/io_20.o t/src/io_20.c' failed with exit code 1\n# Failed to build 't/src/io_20.o': t/src/io_20.c: In function `main':\n# t/src/io_20.c:17: warning: passing arg 1 of `Parrot_exit' makes \ninteger from pointer without a cast\n# t/src/io_20.c:17: error: too many arguments to function `Parrot_exit'\nt/src/io.................................NOK 20\n#     Failed test (t/src/io.t at line 651)\n# Looks like you failed 20 tests of 20.\nt/src/io.................................dubious\n\tTest returned status 20 (wstat 5120, 0x1400)\nDIED. FAILED tests 1-20\n\tFailed 20/20 tests, 0.00% okay\nt/src/list...............................# 'cc \n-DAPPLLIB_EXP=\"/usr/local/lib/perl5/5.8.5/BSDPAN\" -DHAS_FPSETMASK \n-DHAS_FLOATINGPOINT_H  -pipe -I/usr/local/include -g  -I./include -c -o \nt/src/list_1.o t/src/list_1.c' failed with exit code 1\n# Failed to build 't/src/list_1.o': t/src/list_1.c: In function `main':\n# t/src/list_1.c:21: warning: passing arg 1 of `Parrot_exit' makes \ninteger from pointer without a cast\n# t/src/list_1.c:21: error: too many arguments to function `Parrot_exit'\nt/src/list...............................NOK 1\n#     Failed test (t/src/list.t at line 53)\n# 'cc -DAPPLLIB_EXP=\"/usr/local/lib/perl5/5.8.5/BSDPAN\" -DHAS_FPSETMASK \n-DHAS_FLOATINGPOINT_H  -pipe -I/usr/local/include -g  -I./include -c -o \nt/src/list_2.o t/src/list_2.c' failed with exit code 1\n# Failed to build 't/src/list_2.o': t/src/list_2.c: In function `main':\n# t/src/list_2.c:21: warning: passing arg 1 of `Parrot_exit' makes \ninteger from pointer without a cast\n# t/src/list_2.c:21: error: too many arguments to function `Parrot_exit'\nt/src/list...............................NOK 2\n#     Failed test (t/src/list.t at line 315)\n# Looks like you failed 2 tests of 2.\nt/src/list...............................dubious\n\tTest returned status 2 (wstat 512, 0x200)\nDIED. FAILED tests 1-2\n\tFailed 2/2 tests, 0.00% okay\nt/src/sprintf............................# 'cc \n-DAPPLLIB_EXP=\"/usr/local/lib/perl5/5.8.5/BSDPAN\" -DHAS_FPSETMASK \n-DHAS_FLOATINGPOINT_H  -pipe -I/usr/local/include -g  -I./include -c -o \nt/src/sprintf_1.o t/src/sprintf_1.c' failed with exit code 1\n# Failed to build 't/src/sprintf_1.o': t/src/sprintf_1.c: In function \n`main':\n# t/src/sprintf_1.c:9: warning: passing arg 1 of `Parrot_exit' makes \ninteger from pointer without a cast\n# t/src/sprintf_1.c:9: error: too many arguments to function `Parrot_exit'\nt/src/sprintf............................NOK 1\n#     Failed test (t/src/sprintf.t at line 27)\n# 'cc -DAPPLLIB_EXP=\"/usr/local/lib/perl5/5.8.5/BSDPAN\" -DHAS_FPSETMASK \n-DHAS_FLOATINGPOINT_H  -pipe -I/usr/local/include -g  -I./include -c -o \nt/src/sprintf_2.o t/src/sprintf_2.c' failed with exit code 1\n# Failed to build 't/src/sprintf_2.o': t/src/sprintf_2.c: In function \n`main':\n# t/src/sprintf_2.c:144: warning: passing arg 1 of `Parrot_exit' makes \ninteger from pointer without a cast\n# t/src/sprintf_2.c:144: error: too many arguments to function `Parrot_exit'\nt/src/sprintf............................NOK 2\n#     Failed test (t/src/sprintf.t at line 44)\nt/src/sprintf............................ok 3/3# Looks like you failed 2 \ntests of 3.\nt/src/sprintf............................dubious\n\tTest returned status 2 (wstat 512, 0x200)\nDIED. FAILED tests 1-2\n\tFailed 2/3 tests, 33.33% okay\nt/src/string.............................ok 1/3# 'cc \n-DAPPLLIB_EXP=\"/usr/local/lib/perl5/5.8.5/BSDPAN\" -DHAS_FPSETMASK \n-DHAS_FLOATINGPOINT_H  -pipe -I/usr/local/include -g  -I./include -c -o \nt/src/string_2.o t/src/string_2.c' failed with exit code 1\n# Failed to build 't/src/string_2.o': t/src/string_2.c: In function `main':\n# t/src/string_2.c:23: warning: passing arg 1 of `Parrot_exit' makes \ninteger from pointer without a cast\n# t/src/string_2.c:23: error: too many arguments to function `Parrot_exit'\nt/src/string.............................NOK 2\n#     Failed test (t/src/string.t at line 92)\n# 'cc -DAPPLLIB_EXP=\"/usr/local/lib/perl5/5.8.5/BSDPAN\" -DHAS_FPSETMASK \n-DHAS_FLOATINGPOINT_H  -pipe -I/usr/local/include -g  -I./include -c -o \nt/src/string_3.o t/src/string_3.c' failed with exit code 1\n# Failed to build 't/src/string_3.o': t/src/string_3.c: In function `main':\n# t/src/string_3.c:23: warning: passing arg 1 of `Parrot_exit' makes \ninteger from pointer without a cast\n# t/src/string_3.c:23: error: too many arguments to function `Parrot_exit'\nt/src/string.............................NOK 3\n#     Failed test (t/src/string.t at line 127)\n# Looks like you failed 2 tests of 3.\nt/src/string.............................dubious\n\tTest returned status 2 (wstat 512, 0x200)\nDIED. FAILED tests 2-3\n\tFailed 2/3 tests, 33.33% okay (less 1 skipped test: 0 okay, 0.00%)\nt/tools/pbc_merge........................ok\nt/tools/pmc2c............................ok\nt/tools/smartlinks.......................skipped\n         all skipped: Moose not installed\nt/perl/Parrot_Distribution...............ok\nt/perl/Parrot_Docs.......................ok\nt/perl/Parrot_IO.........................ok\nt/perl/Parrot_PIR_Formatter..............ok\n         5/13 skipped: not implemented\nt/perl/Parrot_Test.......................skipped\n         all skipped: Test::Builder::Tester not installed\nt/doc/opcode-doc.........................ok\nt/doc/pod................................# finding files with pod, this \nmay take a minute.\nt/doc/pod................................ok\nt/stm/basic..............................ok\nt/stm/basic_mt...........................ok\nt/stm/llqueue............................ok 2/2\n#     Failed (TODO) test (t/stm/llqueue.t at line 59)\n#          got: 'Bus error (core dumped)\n# '\n#     expected: 'sum is 4950\n# '\n# './parrot -D40 --gc-debug \n\"/home/ryan/devel/parrot/t/stm/llqueue_2.pir\"' failed with exit code 138\nt/stm/llqueue............................ok\nt/stm/queue..............................ok\n         1/4 skipped: TODO test that fails intermittently\nt/stm/runtime............................ok\nt/distro/manifest........................ok 1/3# this may take a while...\nt/distro/manifest........................ok\nt/distro/file_metadata...................# Collecting svn:mime-type \nattributes...\nt/distro/file_metadata...................ok 1/4# Collecting svn:keywords \nattributes...\nt/distro/file_metadata...................ok 2/4# Collecting \nsvn:eol-style attributes...\nt/distro/file_metadata...................ok 3/4# Collecting \nsvn:eol-style attributes...\nt/distro/file_metadata...................ok\nt/codingstd/c_code_coda..................ok\nt/codingstd/c_indent.....................ok\nt/codingstd/cppcomments..................ok\nt/codingstd/cuddled_else.................ok\nt/codingstd/gmt_utc......................ok\nt/codingstd/pir_code_coda................ok\nt/codingstd/tabs.........................ok\nt/codingstd/trailing_space...............ok\nFailed Test          Stat Wstat Total Fail  Failed  List of Failed\n-------------------------------------------------------------------------------\nt/dynoplibs/dan.t       6  1536     6    6 100.00%  1-6\nt/dynoplibs/myops.t     8  2048     8    8 100.00%  1-8\nt/dynpmc/dynlexpad.t    6  1536     6    6 100.00%  1-6\nt/dynpmc/foo.t          8  2048     9    8  88.89%  1-5 7-9\nt/dynpmc/sub.t          2   512     2    2 100.00%  1-2\nt/pmc/ro.t              6  1536    17    6  35.29%  7-11 13\nt/src/basic.t           1   256     3    1  33.33%  3\nt/src/compiler.t        6  1536     6    6 100.00%  1-6\nt/src/exit.t            1   256     1    1 100.00%  1\nt/src/extend.t         16  4096    16   16 100.00%  1-16\nt/src/hash.t           11  2816    11   11 100.00%  1-11\nt/src/intlist.t         1   256     4    1  25.00%  1\nt/src/io.t             20  5120    20   20 100.00%  1-20\nt/src/list.t            2   512     2    2 100.00%  1-2\nt/src/sprintf.t         2   512     3    2  66.67%  1-2\nt/src/string.t          2   512     3    2  66.67%  2-3\n11 tests and 599 subtests skipped.\nFailed 16/276 test scripts, 94.20% okay. 98/6703 subtests failed, 98.54% \nokay.\n*** Error code 2\n\nStop in /home/ryan/devel/parrot.\n\n"}